#
# There is insufficient memory for the Java Runtime Environment to continue.
# Native memory allocation (mmap) failed to map 65536 bytes for Failed to commit metaspace.
# Possible reasons:
#   The system is out of physical RAM or swap space
#   The process is running with CompressedOops enabled, and the Java Heap may be blocking the growth of the native heap
# Possible solutions:
#   Reduce memory load on the system
#   Increase physical memory or swap space
#   Check if swap backing store is full
#   Decrease Java heap size (-Xmx/-Xms)
#   Decrease number of Java threads
#   Decrease Java thread stack sizes (-Xss)
#   Set larger code cache with -XX:ReservedCodeCacheSize=
#   JVM is running with Unscaled Compressed Oops mode in which the Java heap is
#     placed in the first 4GB address space. The Java Heap base address is the
#     maximum limit for the native heap growth. Please use -XX:HeapBaseMinAddress
#     to set the Java Heap base and to place the Java Heap above 4GB virtual address.
# This output file may be truncated or incomplete.
#
#  Out of Memory Error (virtualSpaceNode.cpp:110), pid=18628, tid=12676
#
# JRE version: OpenJDK Runtime Environment (17.0.9) (build 17.0.9+0--11185874)
# Java VM: OpenJDK 64-Bit Server VM (17.0.9+0--11185874, mixed mode, tiered, compressed oops, compressed class ptrs, g1 gc, windows-amd64)
# No core dump will be written. Minidumps are not enabled by default on client versions of Windows
#

---------------  S U M M A R Y ------------

Command Line: org.jetbrains.kotlin.cli.jvm.K2JVMCompiler @C:\Users\sv\MyApplication\app\build\20240515_1863770194629745212.compiler.options

Host: 12th Gen Intel(R) Core(TM) i3-12100T, 8 cores, 7G,  Windows 11 , 64 bit Build 22621 (10.0.22621.3374)
Time: Wed May 15 08:21:01 2024 SE Asia Standard Time elapsed time: 0.469853 seconds (0d 0h 0m 0s)

---------------  T H R E A D  ---------------

Current thread (0x000002602075c250):  JavaThread "main" [_thread_in_vm, id=12676, stack(0x000000f867400000,0x000000f867500000)]

Stack: [0x000000f867400000,0x000000f867500000]
Native frames: (J=compiled Java code, j=interpreted, Vv=VM code, C=native code)
V  [jvm.dll+0x6886e9]
V  [jvm.dll+0x841e4a]
V  [jvm.dll+0x843a8e]
V  [jvm.dll+0x8440f3]
V  [jvm.dll+0x24c14f]
V  [jvm.dll+0x83ce2b]
V  [jvm.dll+0x62cae6]
V  [jvm.dll+0x1c2f6e]
V  [jvm.dll+0x62f441]
V  [jvm.dll+0x62d486]
V  [jvm.dll+0x23fe0f]
V  [jvm.dll+0x637335]
V  [jvm.dll+0x1ef15b]
V  [jvm.dll+0x1ef695]
V  [jvm.dll+0x1f0035]
V  [jvm.dll+0x1e54cc]
V  [jvm.dll+0x54e1bc]
V  [jvm.dll+0x7bb175]
V  [jvm.dll+0x7bb28e]
V  [jvm.dll+0x4166fa]
V  [jvm.dll+0x41c899]
C  [java.dll+0x17ec]

Java frames: (J=compiled Java code, j=interpreted, Vv=VM code)
J 491  java.lang.ClassLoader.defineClass1(Ljava/lang/ClassLoader;Ljava/lang/String;[BIILjava/security/ProtectionDomain;Ljava/lang/String;)Ljava/lang/Class; java.base@17.0.9 (0 bytes) @ 0x000002602b71e95b [0x000002602b71e8a0+0x00000000000000bb]
J 513 c1 java.lang.ClassLoader.defineClass(Ljava/lang/String;[BIILjava/security/ProtectionDomain;)Ljava/lang/Class; java.base@17.0.9 (43 bytes) @ 0x0000026023d1b5c4 [0x0000026023d1b280+0x0000000000000344]
J 479 c1 java.security.SecureClassLoader.defineClass(Ljava/lang/String;[BIILjava/security/CodeSource;)Ljava/lang/Class; java.base@17.0.9 (16 bytes) @ 0x0000026023d0cf0c [0x0000026023d0ce40+0x00000000000000cc]
J 438 c1 jdk.internal.loader.BuiltinClassLoader.defineClass(Ljava/lang/String;Ljdk/internal/loader/Resource;)Ljava/lang/Class; java.base@17.0.9 (121 bytes) @ 0x0000026023cf753c [0x0000026023cf62a0+0x000000000000129c]
J 377 c1 jdk.internal.loader.BuiltinClassLoader.findClassOnClassPathOrNull(Ljava/lang/String;)Ljava/lang/Class; java.base@17.0.9 (64 bytes) @ 0x0000026023ccadfc [0x0000026023cc9d80+0x000000000000107c]
J 211 c1 jdk.internal.loader.BuiltinClassLoader.loadClassOrNull(Ljava/lang/String;Z)Ljava/lang/Class; java.base@17.0.9 (143 bytes) @ 0x0000026023c75e04 [0x0000026023c74f40+0x0000000000000ec4]
J 298 c1 jdk.internal.loader.ClassLoaders$AppClassLoader.loadClass(Ljava/lang/String;Z)Ljava/lang/Class; java.base@17.0.9 (40 bytes) @ 0x0000026023c933f4 [0x0000026023c92de0+0x0000000000000614]
J 297 c1 java.lang.ClassLoader.loadClass(Ljava/lang/String;)Ljava/lang/Class; java.base@17.0.9 (7 bytes) @ 0x0000026023c92a3c [0x0000026023c92940+0x00000000000000fc]
v  ~StubRoutines::call_stub
j  kotlin.reflect.jvm.internal.impl.metadata.ProtoBuf$TypeParameter.<clinit>()V+0
v  ~StubRoutines::call_stub
j  kotlin.reflect.jvm.internal.impl.metadata.jvm.JvmProtoBuf.<clinit>()V+156
v  ~StubRoutines::call_stub
j  kotlin.reflect.jvm.internal.impl.metadata.jvm.deserialization.JvmProtoBufUtil.<clinit>()V+19
v  ~StubRoutines::call_stub
j  kotlin.reflect.jvm.internal.impl.load.kotlin.DeserializationComponentsForJava.<init>(Lkotlin/reflect/jvm/internal/impl/storage/StorageManager;Lkotlin/reflect/jvm/internal/impl/descriptors/ModuleDescriptor;Lkotlin/reflect/jvm/internal/impl/serialization/deserialization/DeserializationConfiguration;Lkotlin/reflect/jvm/internal/impl/load/kotlin/JavaClassDataFinder;Lkotlin/reflect/jvm/internal/impl/load/kotlin/BinaryClassAnnotationAndConstantLoaderImpl;Lkotlin/reflect/jvm/internal/impl/load/java/lazy/LazyJavaPackageFragmentProvider;Lkotlin/reflect/jvm/internal/impl/descriptors/NotFoundClasses;Lkotlin/reflect/jvm/internal/impl/serialization/deserialization/ErrorReporter;Lkotlin/reflect/jvm/internal/impl/incremental/components/LookupTracker;Lkotlin/reflect/jvm/internal/impl/serialization/deserialization/ContractDeserializer;Lkotlin/reflect/jvm/internal/impl/types/checker/NewKotlinTypeChecker;)V+207
j  kotlin.reflect.jvm.internal.impl.load.kotlin.DeserializationComponentsForJavaKt.makeDeserializationComponentsForJava(Lkotlin/reflect/jvm/internal/impl/descriptors/ModuleDescriptor;Lkotlin/reflect/jvm/internal/impl/storage/StorageManager;Lkotlin/reflect/jvm/internal/impl/descriptors/NotFoundClasses;Lkotlin/reflect/jvm/internal/impl/load/java/lazy/LazyJavaPackageFragmentProvider;Lkotlin/reflect/jvm/internal/impl/load/kotlin/KotlinClassFinder;Lkotlin/reflect/jvm/internal/impl/load/kotlin/DeserializedDescriptorResolver;Lkotlin/reflect/jvm/internal/impl/serialization/deserialization/ErrorReporter;)Lkotlin/reflect/jvm/internal/impl/load/kotlin/DeserializationComponentsForJava;+113
j  kotlin.reflect.jvm.internal.impl.load.kotlin.DeserializationComponentsForJava$Companion.createModuleData(Lkotlin/reflect/jvm/internal/impl/load/kotlin/KotlinClassFinder;Lkotlin/reflect/jvm/internal/impl/load/kotlin/KotlinClassFinder;Lkotlin/reflect/jvm/internal/impl/load/java/JavaClassFinder;Ljava/lang/String;Lkotlin/reflect/jvm/internal/impl/serialization/deserialization/ErrorReporter;Lkotlin/reflect/jvm/internal/impl/load/java/sources/JavaSourceElementFactory;)Lkotlin/reflect/jvm/internal/impl/load/kotlin/DeserializationComponentsForJava$Companion$ModuleData;+240
j  kotlin.reflect.jvm.internal.impl.descriptors.runtime.components.RuntimeModuleData$Companion.create(Ljava/lang/ClassLoader;)Lkotlin/reflect/jvm/internal/impl/descriptors/runtime/components/RuntimeModuleData;+77
j  kotlin.reflect.jvm.internal.ModuleByClassLoaderKt.getOrCreateModule(Ljava/lang/Class;)Lkotlin/reflect/jvm/internal/impl/descriptors/runtime/components/RuntimeModuleData;+84
j  kotlin.reflect.jvm.internal.KDeclarationContainerImpl$Data$moduleData$2.invoke()Lkotlin/reflect/jvm/internal/impl/descriptors/runtime/components/RuntimeModuleData;+7
j  kotlin.reflect.jvm.internal.KDeclarationContainerImpl$Data$moduleData$2.invoke()Ljava/lang/Object;+1
j  kotlin.reflect.jvm.internal.ReflectProperties$LazySoftVal.invoke()Ljava/lang/Object;+28
j  kotlin.reflect.jvm.internal.ReflectProperties$Val.getValue(Ljava/lang/Object;Ljava/lang/Object;)Ljava/lang/Object;+1
j  kotlin.reflect.jvm.internal.KDeclarationContainerImpl$Data.getModuleData()Lkotlin/reflect/jvm/internal/impl/descriptors/runtime/components/RuntimeModuleData;+10
j  kotlin.reflect.jvm.internal.KClassImpl$Data$descriptor$2.invoke()Lkotlin/reflect/jvm/internal/impl/descriptors/ClassDescriptor;+21
j  kotlin.reflect.jvm.internal.KClassImpl$Data$descriptor$2.invoke()Ljava/lang/Object;+1
j  kotlin.reflect.jvm.internal.ReflectProperties$LazySoftVal.invoke()Ljava/lang/Object;+28
j  kotlin.reflect.jvm.internal.ReflectProperties$Val.getValue(Ljava/lang/Object;Ljava/lang/Object;)Ljava/lang/Object;+1
j  kotlin.reflect.jvm.internal.KClassImpl$Data.getDescriptor()Lkotlin/reflect/jvm/internal/impl/descriptors/ClassDescriptor;+10
j  kotlin.reflect.jvm.internal.KClassImpl.getDescriptor()Lkotlin/reflect/jvm/internal/impl/descriptors/ClassDescriptor;+10
j  kotlin.reflect.jvm.internal.KClassImpl.getMemberScope$kotlin_reflection()Lkotlin/reflect/jvm/internal/impl/resolve/scopes/MemberScope;+1
j  kotlin.reflect.jvm.internal.KClassImpl$Data$declaredNonStaticMembers$2.invoke()Ljava/util/Collection;+8
j  kotlin.reflect.jvm.internal.KClassImpl$Data$declaredNonStaticMembers$2.invoke()Ljava/lang/Object;+1
j  kotlin.reflect.jvm.internal.ReflectProperties$LazySoftVal.invoke()Ljava/lang/Object;+28
j  kotlin.reflect.jvm.internal.ReflectProperties$Val.getValue(Ljava/lang/Object;Ljava/lang/Object;)Ljava/lang/Object;+1
j  kotlin.reflect.jvm.internal.KClassImpl$Data.getDeclaredNonStaticMembers()Ljava/util/Collection;+11
j  kotlin.reflect.jvm.internal.KClassImpl$Data$allNonStaticMembers$2.invoke()Ljava/util/List;+4
j  kotlin.reflect.jvm.internal.KClassImpl$Data$allNonStaticMembers$2.invoke()Ljava/lang/Object;+1
j  kotlin.reflect.jvm.internal.ReflectProperties$LazySoftVal.invoke()Ljava/lang/Object;+28
j  kotlin.reflect.jvm.internal.ReflectProperties$Val.getValue(Ljava/lang/Object;Ljava/lang/Object;)Ljava/lang/Object;+1
j  kotlin.reflect.jvm.internal.KClassImpl$Data.getAllNonStaticMembers()Ljava/util/Collection;+11
j  kotlin.reflect.full.KClasses.getMemberProperties(Lkotlin/reflect/KClass;)Ljava/util/Collection;+19
j  org.jetbrains.kotlin.cli.common.arguments.ParseCommandLineArgumentsKt.parsePreprocessedCommandLineArguments(Ljava/util/List;Lorg/jetbrains/kotlin/cli/common/arguments/CommonToolArguments;Lkotlin/Lazy;Z)V+7
j  org.jetbrains.kotlin.cli.common.arguments.ParseCommandLineArgumentsKt.parseCommandLineArguments(Ljava/util/List;Lorg/jetbrains/kotlin/cli/common/arguments/CommonToolArguments;Z)V+39
j  org.jetbrains.kotlin.cli.common.arguments.ParseCommandLineArgumentsKt.parseCommandLineArguments$default(Ljava/util/List;Lorg/jetbrains/kotlin/cli/common/arguments/CommonToolArguments;ZILjava/lang/Object;)V+11
j  org.jetbrains.kotlin.cli.common.CLITool.exec(Ljava/io/PrintStream;Lorg/jetbrains/kotlin/config/Services;Lorg/jetbrains/kotlin/cli/common/messages/MessageRenderer;[Ljava/lang/String;)Lorg/jetbrains/kotlin/cli/common/ExitCode;+41
j  org.jetbrains.kotlin.cli.common.CLITool.exec(Ljava/io/PrintStream;Lorg/jetbrains/kotlin/cli/common/messages/MessageRenderer;[Ljava/lang/String;)Lorg/jetbrains/kotlin/cli/common/ExitCode;+25
j  org.jetbrains.kotlin.cli.common.CLITool$Companion.doMainNoExit(Lorg/jetbrains/kotlin/cli/common/CLITool;[Ljava/lang/String;Lorg/jetbrains/kotlin/cli/common/messages/MessageRenderer;)Lorg/jetbrains/kotlin/cli/common/ExitCode;+39
j  org.jetbrains.kotlin.cli.common.CLITool$Companion.doMainNoExit$default(Lorg/jetbrains/kotlin/cli/common/CLITool$Companion;Lorg/jetbrains/kotlin/cli/common/CLITool;[Ljava/lang/String;Lorg/jetbrains/kotlin/cli/common/messages/MessageRenderer;ILjava/lang/Object;)Lorg/jetbrains/kotlin/cli/common/ExitCode;+16
j  org.jetbrains.kotlin.cli.common.CLITool$Companion.doMain(Lorg/jetbrains/kotlin/cli/common/CLITool;[Ljava/lang/String;)V+57
j  org.jetbrains.kotlin.cli.jvm.K2JVMCompiler$Companion.main([Ljava/lang/String;)V+20
j  org.jetbrains.kotlin.cli.jvm.K2JVMCompiler.main([Ljava/lang/String;)V+4
v  ~StubRoutines::call_stub

Compiled method (n/a)     479  491     n 0       java.lang.ClassLoader::defineClass1 (native)
 total in heap  [0x000002602b71e710,0x000002602b71ebe8] = 1240
 relocation     [0x000002602b71e868,0x000002602b71e8a0] = 56
 main code      [0x000002602b71e8a0,0x000002602b71ebe8] = 840

[Constant Pool (empty)]

[MachCode]
[Entry Point]
  # {method} {0x000002603b024f38} 'defineClass1' '(Ljava/lang/ClassLoader;Ljava/lang/String;[BIILjava/security/ProtectionDomain;Ljava/lang/String;)Ljava/lang/Class;' in 'java/lang/ClassLoader'
  # parm0:    rdx:rdx   = 'java/lang/ClassLoader'
  # parm1:    r8:r8     = 'java/lang/String'
  # parm2:    r9:r9     = '[B'
  # parm3:    rdi       = int
  # parm4:    rsi       = int
  # parm5:    rcx:rcx   = 'java/security/ProtectionDomain'
  # parm6:    [sp+0xa0]   = 'java/lang/String'  (sp of caller)
  0x000002602b71e8a0: 448b 5208 | 49c1 e203 | 493b c20f | 8407 0000 

  0x000002602b71e8b0: ;   {runtime_call ic_miss_stub}
  0x000002602b71e8b0: 00e9 ca27 | a9ff 6690 
[Verified Entry Point]
  0x000002602b71e8b8: 8984 2400 | 90ff ff55 | 488b ec48 | 81ec 9000 | 0000 4881 | 7d10 0000 | 0000 488d | 4510 480f 
  0x000002602b71e8d8: 4445 1048 | 8944 2440 | 4889 4c24 | 7048 83f9 | 0048 8d44 | 2470 480f | 4444 2470 | 4889 4424 
  0x000002602b71e8f8: 3848 8974 | 2430 4889 | 7c24 284c | 894c 2458 | 4983 f900 | 488d 4424 | 5848 0f44 | 4424 5848 
  0x000002602b71e918: 8944 2420 | 4c89 4424 | 5049 83f8 | 004c 8d4c | 2450 4c0f | 444c 2450 | 4889 5424 | 4848 83fa 
  0x000002602b71e938: 004c 8d44 | 2448 4c0f | 4444 2448 

  0x000002602b71e944: ;   {oop(a 'java/lang/Class'{0x000000008cd00eb0} = 'java/lang/ClassLoader')}
  0x000002602b71e944: 49be b00e | d08c 0000 | 0000 4c89 | 7424 784c | 8d74 2478 | 498b d6c5 

  0x000002602b71e95c: ;   {internal_word}
  0x000002602b71e95c: f877 49ba | 5be9 712b | 6002 0000 | 4d89 97a0 | 0200 0049 | 89a7 9802 

  0x000002602b71e974: ;   {external_word}
  0x000002602b71e974: 0000 49ba | 3d39 6cb9 | f87f 0000 | 4180 3a00 | 0f84 5200 | 0000 5241 

  0x000002602b71e98c: ;   {metadata({method} {0x000002603b024f38} 'defineClass1' '(Ljava/lang/ClassLoader;Ljava/lang/String;[BIILjava/security/ProtectionDomain;Ljava/lang/String;)Ljava/lang/Class;' in 'java/lang/ClassLoader')}
  0x000002602b71e98c: 5041 5148 | ba30 4f02 | 3b60 0200 | 0049 8bcf | 4883 ec20 | f7c4 0f00 | 0000 0f84 | 1a00 0000 
  0x000002602b71e9ac: 4883 ec08 

  0x000002602b71e9b0: ;   {runtime_call}
  0x000002602b71e9b0: 49ba d0ec | 21b9 f87f | 0000 41ff | d248 83c4 | 08e9 0d00 

  0x000002602b71e9c4: ;   {runtime_call}
  0x000002602b71e9c4: 0000 49ba | d0ec 21b9 | f87f 0000 | 41ff d248 | 83c4 2041 | 5941 585a | 498d 8fb8 | 0200 0041 
  0x000002602b71e9e4: c787 4803 | 0000 0400 

  0x000002602b71e9ec: ;   {runtime_call}
  0x000002602b71e9ec: 0000 49ba | ac16 d803 | f97f 0000 | 41ff d2c5 | f877 41c7 | 8748 0300 | 0005 0000 | 00f0 8344 
  0x000002602b71ea0c: 24c0 0049 | 3baf 5003 | 0000 0f87 | 1100 0000 | 4181 bf38 | 0300 0000 | 0000 000f | 842c 0000 
  0x000002602b71ea2c: 00c5 f877 | 4889 45f8 | 498b cf4c | 8be4 4883 | ec20 4883 

  0x000002602b71ea40: ;   {runtime_call}
  0x000002602b71ea40: e4f0 49ba | 600b 32b9 | f87f 0000 | 41ff d249 | 8be4 4d33 | e448 8b45 | f841 c787 | 4803 0000 
  0x000002602b71ea60: 0800 0000 | 4181 bfb8 | 0300 0002 | 0000 000f | 843f 0100 

  0x000002602b71ea74: ;   {external_word}
  0x000002602b71ea74: 0049 ba3d | 396c b9f8 | 7f00 0041 | 803a 000f | 8450 0000 | 0048 8945 

  0x000002602b71ea8c: ;   {metadata({method} {0x000002603b024f38} 'defineClass1' '(Ljava/lang/ClassLoader;Ljava/lang/String;[BIILjava/security/ProtectionDomain;Ljava/lang/String;)Ljava/lang/Class;' in 'java/lang/ClassLoader')}
  0x000002602b71ea8c: f848 ba30 | 4f02 3b60 | 0200 0049 | 8bcf 4883 | ec20 f7c4 | 0f00 0000 | 0f84 1a00 | 0000 4883 
  0x000002602b71eaac: ;   {runtime_call}
  0x000002602b71eaac: ec08 49ba | d0ec 21b9 | f87f 0000 | 41ff d248 | 83c4 08e9 | 0d00 0000 

  0x000002602b71eac4: ;   {runtime_call}
  0x000002602b71eac4: 49ba d0ec | 21b9 f87f | 0000 41ff | d248 83c4 | 2048 8b45 | f849 c787 | 9802 0000 | 0000 0000 
  0x000002602b71eae4: 49c7 87a0 | 0200 0000 | 0000 00c5 | f877 4885 | c00f 8493 | 0000 0048 | f7c0 0100 | 0000 0f84 
  0x000002602b71eb04: 8300 0000 | 488b 40ff | 4180 7f38 | 000f 846f | 0000 0048 | 83f8 000f | 8465 0000 | 0049 8b4f 
  0x000002602b71eb24: 2048 83f9 | 000f 8414 | 0000 0048 | 83e9 0849 | 894f 2049 | 034f 3048 | 8901 e943 | 0000 0050 
  0x000002602b71eb44: 498b d748 | 8bc8 4883 | ec20 f7c4 | 0f00 0000 | 0f84 1a00 | 0000 4883 

  0x000002602b71eb5c: ;   {runtime_call}
  0x000002602b71eb5c: ec08 49ba | 7093 e0b8 | f87f 0000 | 41ff d248 | 83c4 08e9 | 0d00 0000 

  0x000002602b71eb74: ;   {runtime_call}
  0x000002602b71eb74: 49ba 7093 | e0b8 f87f | 0000 41ff | d248 83c4 | 2058 e903 | 0000 0048 | 8b00 498b | 8fd8 0000 
  0x000002602b71eb94: 00c7 8100 | 0100 0000 | 0000 00c9 | 4981 7f08 | 0000 0000 | 0f85 0100 

  0x000002602b71ebac: ;   {runtime_call StubRoutines (1)}
  0x000002602b71ebac: 0000 c3e9 | 4c23 a4ff | c5f8 7748 | 8945 f84c | 8be4 4883 | ec20 4883 

  0x000002602b71ebc4: ;   {runtime_call}
  0x000002602b71ebc4: e4f0 49ba | 601d 22b9 | f87f 0000 | 41ff d249 | 8be4 4d33 | e448 8b45 | f8e9 93fe | ffff f4f4 
  0x000002602b71ebe4: f4f4 f4f4 
[/MachCode]


Compiled method (c1)     484  513       3       java.lang.ClassLoader::defineClass (43 bytes)
 total in heap  [0x0000026023d1b090,0x0000026023d1b9a8] = 2328
 relocation     [0x0000026023d1b1e8,0x0000026023d1b278] = 144
 main code      [0x0000026023d1b280,0x0000026023d1b700] = 1152
 stub code      [0x0000026023d1b700,0x0000026023d1b778] = 120
 metadata       [0x0000026023d1b778,0x0000026023d1b7a8] = 48
 scopes data    [0x0000026023d1b7a8,0x0000026023d1b898] = 240
 scopes pcs     [0x0000026023d1b898,0x0000026023d1b978] = 224
 dependencies   [0x0000026023d1b978,0x0000026023d1b980] = 8
 nul chk table  [0x0000026023d1b980,0x0000026023d1b9a8] = 40

[Constant Pool (empty)]

[MachCode]
[Entry Point]
  # {method} {0x000002603b024d18} 'defineClass' '(Ljava/lang/String;[BIILjava/security/ProtectionDomain;)Ljava/lang/Class;' in 'java/lang/ClassLoader'
  # this:     rdx:rdx   = 'java/lang/ClassLoader'
  # parm0:    r8:r8     = 'java/lang/String'
  # parm1:    r9:r9     = '[B'
  # parm2:    rdi       = int
  # parm3:    rsi       = int
  # parm4:    rcx:rcx   = 'java/security/ProtectionDomain'
  #           [sp+0xc0]  (sp of caller)
  0x0000026023d1b280: 448b 5208 | 49c1 e203 

  0x0000026023d1b288: ;   {runtime_call ic_miss_stub}
  0x0000026023d1b288: 4c3b d00f | 85ef 5d49 | 0766 6666 | 0f1f 8400 | 0000 0000 | 6666 6690 
[Verified Entry Point]
  0x0000026023d1b2a0: 8984 2400 | 90ff ff55 | 4881 ecb0 | 0000 0048 | 8954 2478 

  0x0000026023d1b2b4: ;   {metadata(method data for {method} {0x000002603b024d18} 'defineClass' '(Ljava/lang/String;[BIILjava/security/ProtectionDomain;)Ljava/lang/Class;' in 'java/lang/ClassLoader')}
  0x0000026023d1b2b4: 48bb f05e | 7f3b 6002 | 0000 8b83 | cc00 0000 | 83c0 0289 | 83cc 0000 | 0081 e0fe | 0700 0083 
  0x0000026023d1b2d4: f800 0f84 | 3e03 0000 | 89b4 2494 | 0000 0089 | bc24 9000 | 0000 4c89 | 8c24 8800 | 0000 488b 
  0x0000026023d1b2f4: ;   {metadata(method data for {method} {0x000002603b024d18} 'defineClass' '(Ljava/lang/String;[BIILjava/security/ProtectionDomain;)Ljava/lang/Class;' in 'java/lang/ClassLoader')}
  0x0000026023d1b2f4: da48 b8f0 | 5e7f 3b60 | 0200 0048 | 8380 1001 | 0000 0149 | 8bd8 4c8b | c34c 8bc9 | 488b ca48 
  0x0000026023d1b314: 8bd1 4889 | 9c24 8000 

  0x0000026023d1b31c: ;   {optimized virtual_call}
  0x0000026023d1b31c: 0000 90e8 

  0x0000026023d1b320: ; ImmutableOopMap {[120]=Oop [136]=Oop [128]=Oop }
                      ;*invokevirtual preDefineClass {reexecute=0 rethrow=0 return_oop=0}
                      ; - java.lang.ClassLoader::defineClass@4 (line 1015)
  0x0000026023d1b320: fc81 ffff | 4889 8424 | 9800 0000 | 488b 5424 

  0x0000026023d1b330: ;   {metadata(method data for {method} {0x000002603b024d18} 'defineClass' '(Ljava/lang/String;[BIILjava/security/ProtectionDomain;)Ljava/lang/Class;' in 'java/lang/ClassLoader')}
  0x0000026023d1b330: 7849 b8f0 | 5e7f 3b60 | 0200 0049 | 8380 4801 

  0x0000026023d1b340: ;   {metadata(method data for {method} {0x000002603b024ae0} 'defineClassSourceLocation' '(Ljava/security/ProtectionDomain;)Ljava/lang/String;' in 'java/lang/ClassLoader')}
  0x0000026023d1b340: 0000 0149 | b8f8 8e7f | 3b60 0200 | 0041 8b90 | cc00 0000 | 83c2 0241 | 8990 cc00 | 0000 81e2 
  0x0000026023d1b360: feff 1f00 | 83fa 000f | 84ce 0200 | 0048 3b00 

  0x0000026023d1b370: ;   {metadata(method data for {method} {0x000002603b024ae0} 'defineClassSourceLocation' '(Ljava/security/ProtectionDomain;)Ljava/lang/String;' in 'java/lang/ClassLoader')}
  0x0000026023d1b370: 4c8b c048 | baf8 8e7f | 3b60 0200 | 0048 8382 | 1001 0000 | 0144 8b40 | 1049 83f8 

  0x0000026023d1b38c: ;   {metadata(method data for {method} {0x000002603b024ae0} 'defineClassSourceLocation' '(Ljava/security/ProtectionDomain;)Ljava/lang/String;' in 'java/lang/ClassLoader')}
  0x0000026023d1b38c: 0048 baf8 | 8e7f 3b60 | 0200 0048 | be58 0100 | 0000 0000 | 000f 850a | 0000 0048 | be48 0100 
  0x0000026023d1b3ac: 0000 0000 | 0048 8b3c | 3248 8d7f | 0148 893c | 320f 850f 

  0x0000026023d1b3c0: ;   {oop(NULL)}
  0x0000026023d1b3c0: 0000 0048 | bb00 0000 | 0000 0000 | 00e9 9d01 | 0000 493b | 0049 8bd0 

  0x0000026023d1b3d8: ;   {metadata(method data for {method} {0x000002603b024ae0} 'defineClassSourceLocation' '(Ljava/security/ProtectionDomain;)Ljava/lang/String;' in 'java/lang/ClassLoader')}
  0x0000026023d1b3d8: 48be f88e | 7f3b 6002 | 0000 4883 | 8668 0100 | 0001 418b | 500c 4883 

  0x0000026023d1b3f0: ;   {metadata(method data for {method} {0x000002603b024ae0} 'defineClassSourceLocation' '(Ljava/security/ProtectionDomain;)Ljava/lang/String;' in 'java/lang/ClassLoader')}
  0x0000026023d1b3f0: fa00 48be | f88e 7f3b | 6002 0000 | 48bf b001 | 0000 0000 | 0000 0f85 | 0a00 0000 | 48bf a001 
  0x0000026023d1b410: 0000 0000 | 0000 488b | 1c3e 488d | 5b01 4889 | 1c3e 0f85 | 0f00 0000 

  0x0000026023d1b428: ;   {oop(NULL)}
  0x0000026023d1b428: 48bb 0000 | 0000 0000 | 0000 e938 

  0x0000026023d1b434: ;   {metadata(method data for {method} {0x000002603b024ae0} 'defineClassSourceLocation' '(Ljava/security/ProtectionDomain;)Ljava/lang/String;' in 'java/lang/ClassLoader')}
  0x0000026023d1b434: 0100 0048 | bef8 8e7f | 3b60 0200 | 0048 8386 | c001 0000 | 0148 3b02 

  0x0000026023d1b44c: ;   {metadata(method data for {method} {0x000002603b024ae0} 'defineClassSourceLocation' '(Ljava/security/ProtectionDomain;)Ljava/lang/String;' in 'java/lang/ClassLoader')}
  0x0000026023d1b44c: 4c8b c248 | bef8 8e7f | 3b60 0200 | 0048 8386 | f801 0000 

  0x0000026023d1b460: ;   {metadata(method data for {method} {0x000002603b0e87e8} 'toString' '()Ljava/lang/String;' in 'java/net/URL')}
  0x0000026023d1b460: 0149 b8d8 | 9079 3b60 | 0200 0041 | 8bb0 cc00 | 0000 83c6 | 0241 89b0 | cc00 0000 | 81e6 feff 
  0x0000026023d1b480: 1f00 83fe | 000f 84e0 | 0100 004c 

  0x0000026023d1b48c: ;   {metadata(method data for {method} {0x000002603b0e87e8} 'toString' '()Ljava/lang/String;' in 'java/net/URL')}
  0x0000026023d1b48c: 8bc2 48be | d890 793b | 6002 0000 | 4883 8610 | 0100 0001 

  0x0000026023d1b4a0: ;   {metadata(method data for {method} {0x000002603b0e88a0} 'toExternalForm' '()Ljava/lang/String;' in 'java/net/URL')}
  0x0000026023d1b4a0: 49b8 9892 | 793b 6002 | 0000 418b | b0cc 0000 | 0083 c602 | 4189 b0cc | 0000 0081 | e6fe ff1f 
  0x0000026023d1b4c0: 0083 fe00 | 0f84 c201 | 0000 8b72 | 3848 3b06 

  0x0000026023d1b4d0: ;   {metadata(method data for {method} {0x000002603b0e88a0} 'toExternalForm' '()Ljava/lang/String;' in 'java/net/URL')}
  0x0000026023d1b4d0: 4c8b c648 | bf98 9279 | 3b60 0200 | 0045 8b40 | 0849 c1e0 | 034c 3b87 | 2001 0000 | 750d 4883 
  0x0000026023d1b4f0: 8728 0100 | 0001 e966 | 0000 004c | 3b87 3001 | 0000 750d | 4883 8738 | 0100 0001 | e950 0000 
  0x0000026023d1b510: 0048 81bf | 2001 0000 | 0000 0000 | 7517 4c89 | 8720 0100 | 0048 c787 | 2801 0000 | 0100 0000 
  0x0000026023d1b530: e92c 0000 | 0048 81bf | 3001 0000 | 0000 0000 | 7517 4c89 | 8730 0100 | 0048 c787 | 3801 0000 
  0x0000026023d1b550: 0100 0000 | e908 0000 | 0048 8387 | 1001 0000 | 014c 8bc2 

  0x0000026023d1b564: ;   {optimized virtual_call}
  0x0000026023d1b564: 488b d6e8 

  0x0000026023d1b568: ; ImmutableOopMap {[120]=Oop [136]=Oop [128]=Oop [152]=Oop }
                      ;*invokevirtual toExternalForm {reexecute=0 rethrow=0 return_oop=0}
                      ; - java.net.URL::toExternalForm@5 (line 1039)
                      ; - java.net.URL::toString@1 (line 1025)
                      ; - java.lang.ClassLoader::defineClassSourceLocation@22 (line 917)
                      ; - java.lang.ClassLoader::defineClass@12 (line 1016)
  0x0000026023d1b568: d4a4 fbff | 488b d848 | 8b84 2498 | 0000 008b | b424 9400 | 0000 8bbc | 2490 0000 | 004c 8b8c 
  0x0000026023d1b588: 2488 0000 | 004c 8b84 | 2480 0000 | 0048 8b54 

  0x0000026023d1b598: ;   {metadata(method data for {method} {0x000002603b024d18} 'defineClass' '(Ljava/lang/String;[BIILjava/security/ProtectionDomain;)Ljava/lang/Class;' in 'java/lang/ClassLoader')}
  0x0000026023d1b598: 2478 48b9 | f05e 7f3b | 6002 0000 | 4883 8180 | 0100 0001 | 4c8b da49 | 8bd3 488b | c848 891c 
  0x0000026023d1b5b8: 2466 0f1f 

  0x0000026023d1b5bc: ;   {static_call}
  0x0000026023d1b5bc: 4400 00e8 

  0x0000026023d1b5c0: ; ImmutableOopMap {[152]=Oop [120]=Oop }
                      ;*invokestatic defineClass1 {reexecute=0 rethrow=0 return_oop=0}
                      ; - java.lang.ClassLoader::defineClass@27 (line 1017)
  0x0000026023d1b5c0: f432 a007 | 488b 5424 

  0x0000026023d1b5c8: ;   {metadata(method data for {method} {0x000002603b024d18} 'defineClass' '(Ljava/lang/String;[BIILjava/security/ProtectionDomain;)Ljava/lang/Class;' in 'java/lang/ClassLoader')}
  0x0000026023d1b5c8: 7849 b8f0 | 5e7f 3b60 | 0200 0049 | 8380 9001 | 0000 014c | 8bc0 4c8b | 8c24 9800 | 0000 488b 
  0x0000026023d1b5e8: 5424 7848 | 8984 24a0 | 0000 000f 

  0x0000026023d1b5f4: ;   {optimized virtual_call}
  0x0000026023d1b5f4: 1f40 00e8 

  0x0000026023d1b5f8: ; ImmutableOopMap {[160]=Oop }
                      ;*invokevirtual postDefineClass {reexecute=0 rethrow=0 return_oop=0}
                      ; - java.lang.ClassLoader::defineClass@37 (line 1018)
  0x0000026023d1b5f8: 845d 4907 | 488b 8424 | a000 0000 | 4881 c4b0 | 0000 005d 

  0x0000026023d1b60c: ;   {poll_return}
  0x0000026023d1b60c: 493b a750 | 0300 000f | 8799 0000 

  0x0000026023d1b618: ;   {metadata({method} {0x000002603b024d18} 'defineClass' '(Ljava/lang/String;[BIILjava/security/ProtectionDomain;)Ljava/lang/Class;' in 'java/lang/ClassLoader')}
  0x0000026023d1b618: 00c3 49ba | 104d 023b | 6002 0000 | 4c89 5424 | 0848 c704 | 24ff ffff 

  0x0000026023d1b630: ;   {runtime_call counter_overflow Runtime1 stub}
  0x0000026023d1b630: ffe8 4af0 

  0x0000026023d1b634: ; ImmutableOopMap {rdx=Oop [120]=Oop r8=Oop r9=Oop rcx=Oop }
                      ;*synchronization entry
                      ; - java.lang.ClassLoader::defineClass@-1 (line 1015)
  0x0000026023d1b634: 5307 e9a1 

  0x0000026023d1b638: ;   {metadata({method} {0x000002603b024ae0} 'defineClassSourceLocation' '(Ljava/security/ProtectionDomain;)Ljava/lang/String;' in 'java/lang/ClassLoader')}
  0x0000026023d1b638: fcff ff49 | bad8 4a02 | 3b60 0200 | 004c 8954 | 2408 48c7 | 0424 ffff 

  0x0000026023d1b650: ;   {runtime_call counter_overflow Runtime1 stub}
  0x0000026023d1b650: ffff e829 

  0x0000026023d1b654: ; ImmutableOopMap {[120]=Oop [136]=Oop [128]=Oop rax=Oop [152]=Oop }
                      ;*synchronization entry
                      ; - java.lang.ClassLoader::defineClassSourceLocation@-1 (line 914)
                      ; - java.lang.ClassLoader::defineClass@12 (line 1016)
  0x0000026023d1b654: f053 07e9 | 11fd ffff 

  0x0000026023d1b65c: ;   {runtime_call throw_null_pointer_exception Runtime1 stub}
  0x0000026023d1b65c: e83f 9353 

  0x0000026023d1b660: ; ImmutableOopMap {[120]=Oop [136]=Oop [128]=Oop rax=Oop [152]=Oop }
                      ;*invokevirtual getCodeSource {reexecute=0 rethrow=0 return_oop=0}
                      ; - java.lang.ClassLoader::defineClassSourceLocation@1 (line 914)
                      ; - java.lang.ClassLoader::defineClass@12 (line 1016)
                      ;   {runtime_call throw_null_pointer_exception Runtime1 stub}
  0x0000026023d1b660: 07e8 3a93 

  0x0000026023d1b664: ; ImmutableOopMap {[120]=Oop [136]=Oop [128]=Oop rax=Oop [152]=Oop r8=Oop }
                      ;*invokevirtual getLocation {reexecute=0 rethrow=0 return_oop=0}
                      ; - java.lang.ClassLoader::defineClassSourceLocation@12 (line 916)
                      ; - java.lang.ClassLoader::defineClass@12 (line 1016)
                      ;   {runtime_call throw_null_pointer_exception Runtime1 stub}
  0x0000026023d1b664: 5307 e835 

  0x0000026023d1b668: ; ImmutableOopMap {[120]=Oop [136]=Oop [128]=Oop [152]=Oop rdx=Oop }
                      ;*invokevirtual toString {reexecute=0 rethrow=0 return_oop=0}
                      ; - java.lang.ClassLoader::defineClassSourceLocation@22 (line 917)
                      ; - java.lang.ClassLoader::defineClass@12 (line 1016)
                      ;   {metadata({method} {0x000002603b0e87e8} 'toString' '()Ljava/lang/String;' in 'java/net/URL')}
  0x0000026023d1b668: 9353 0749 | bae0 870e | 3b60 0200 | 004c 8954 | 2408 48c7 | 0424 ffff 

  0x0000026023d1b680: ;   {runtime_call counter_overflow Runtime1 stub}
  0x0000026023d1b680: ffff e8f9 

  0x0000026023d1b684: ; ImmutableOopMap {[120]=Oop [136]=Oop [128]=Oop [152]=Oop rdx=Oop }
                      ;*synchronization entry
                      ; - java.net.URL::toString@-1 (line 1025)
                      ; - java.lang.ClassLoader::defineClassSourceLocation@22 (line 917)
                      ; - java.lang.ClassLoader::defineClass@12 (line 1016)
  0x0000026023d1b684: ef53 07e9 | fffd ffff 

  0x0000026023d1b68c: ;   {metadata({method} {0x000002603b0e88a0} 'toExternalForm' '()Ljava/lang/String;' in 'java/net/URL')}
  0x0000026023d1b68c: 49ba 9888 | 0e3b 6002 | 0000 4c89 | 5424 0848 | c704 24ff 

  0x0000026023d1b6a0: ;   {runtime_call counter_overflow Runtime1 stub}
  0x0000026023d1b6a0: ffff ffe8 

  0x0000026023d1b6a4: ; ImmutableOopMap {[120]=Oop [136]=Oop [128]=Oop [152]=Oop rdx=Oop }
                      ;*synchronization entry
                      ; - java.net.URL::toExternalForm@-1 (line 1039)
                      ; - java.net.URL::toString@1 (line 1025)
                      ; - java.lang.ClassLoader::defineClassSourceLocation@22 (line 917)
                      ; - java.lang.ClassLoader::defineClass@12 (line 1016)
  0x0000026023d1b6a4: d8ef 5307 | e91d feff 

  0x0000026023d1b6ac: ;   {runtime_call throw_null_pointer_exception Runtime1 stub}
  0x0000026023d1b6ac: ffe8 ee92 

  0x0000026023d1b6b0: ; ImmutableOopMap {[120]=Oop [136]=Oop [128]=Oop [152]=Oop rdx=Oop rsi=Oop }
                      ;*invokevirtual toExternalForm {reexecute=0 rethrow=0 return_oop=0}
                      ; - java.net.URL::toExternalForm@5 (line 1039)
                      ; - java.net.URL::toString@1 (line 1025)
                      ; - java.lang.ClassLoader::defineClassSourceLocation@22 (line 917)
                      ; - java.lang.ClassLoader::defineClass@12 (line 1016)
                      ;   {internal_word}
  0x0000026023d1b6b0: 5307 49ba | 0cb6 d123 | 6002 0000 | 4d89 9768 

  0x0000026023d1b6c0: ;   {runtime_call SafepointBlob}
  0x0000026023d1b6c0: 0300 00e9 | 38c3 4907 | 9090 498b | 87e0 0300 | 0049 c787 | e003 0000 | 0000 0000 | 49c7 87e8 
  0x0000026023d1b6e0: 0300 0000 | 0000 0048 | 81c4 b000 

  0x0000026023d1b6ec: ;   {runtime_call unwind_exception Runtime1 stub}
  0x0000026023d1b6ec: 0000 5de9 | 0cb3 4a07 | f4f4 f4f4 | f4f4 f4f4 | f4f4 f4f4 
[Stub Code]
  0x0000026023d1b700: ;   {no_reloc}
  0x0000026023d1b700: 0f1f 4400 

  0x0000026023d1b704: ;   {static_stub}
  0x0000026023d1b704: 0048 bb00 | 0000 0000 

  0x0000026023d1b70c: ;   {runtime_call}
  0x0000026023d1b70c: 0000 00e9 | fbff ffff 

  0x0000026023d1b714: ;   {static_stub}
  0x0000026023d1b714: 9048 bb00 | 0000 0000 

  0x0000026023d1b71c: ;   {runtime_call}
  0x0000026023d1b71c: 0000 00e9 | fbff ffff 

  0x0000026023d1b724: ;   {static_stub}
  0x0000026023d1b724: 9048 bb00 | 0000 0000 

  0x0000026023d1b72c: ;   {runtime_call}
  0x0000026023d1b72c: 0000 00e9 | fbff ffff 

  0x0000026023d1b734: ;   {static_stub}
  0x0000026023d1b734: 9048 bb00 | 0000 0000 

  0x0000026023d1b73c: ;   {runtime_call}
  0x0000026023d1b73c: 0000 00e9 | fbff ffff 
[Exception Handler]
  0x0000026023d1b744: ;   {runtime_call handle_exception_from_callee Runtime1 stub}
  0x0000026023d1b744: e837 bc53 

  0x0000026023d1b748: ;   {external_word}
  0x0000026023d1b748: 0748 b9a0 | 7d46 b9f8 | 7f00 0048 

  0x0000026023d1b754: ;   {runtime_call}
  0x0000026023d1b754: 83e4 f049 | bad0 e20e | b9f8 7f00 | 0041 ffd2 

  0x0000026023d1b764: ;   {section_word}
  0x0000026023d1b764: f449 ba65 | b7d1 2360 | 0200 0041 

  0x0000026023d1b770: ;   {runtime_call DeoptimizationBlob}
  0x0000026023d1b770: 52e9 2ab5 | 4907 f4f4 
[/MachCode]


Compiled method (c1)     493  479       3       java.security.SecureClassLoader::defineClass (16 bytes)
 total in heap  [0x0000026023d0cc90,0x0000026023d0d080] = 1008
 relocation     [0x0000026023d0cde8,0x0000026023d0ce30] = 72
 main code      [0x0000026023d0ce40,0x0000026023d0cf80] = 320
 stub code      [0x0000026023d0cf80,0x0000026023d0cfd8] = 88
 metadata       [0x0000026023d0cfd8,0x0000026023d0cfe0] = 8
 scopes data    [0x0000026023d0cfe0,0x0000026023d0d028] = 72
 scopes pcs     [0x0000026023d0d028,0x0000026023d0d078] = 80
 dependencies   [0x0000026023d0d078,0x0000026023d0d080] = 8

[Constant Pool (empty)]

[MachCode]
[Entry Point]
  # {method} {0x000002603b03da68} 'defineClass' '(Ljava/lang/String;[BIILjava/security/CodeSource;)Ljava/lang/Class;' in 'java/security/SecureClassLoader'
  # this:     rdx:rdx   = 'java/security/SecureClassLoader'
  # parm0:    r8:r8     = 'java/lang/String'
  # parm1:    r9:r9     = '[B'
  # parm2:    rdi       = int
  # parm3:    rsi       = int
  # parm4:    rcx:rcx   = 'java/security/CodeSource'
  #           [sp+0x80]  (sp of caller)
  0x0000026023d0ce40: 448b 5208 | 49c1 e203 

  0x0000026023d0ce48: ;   {runtime_call ic_miss_stub}
  0x0000026023d0ce48: 4c3b d00f | 852f 424a | 0766 6666 | 0f1f 8400 | 0000 0000 | 6666 6690 
[Verified Entry Point]
  0x0000026023d0ce60: 8984 2400 | 90ff ff55 | 4883 ec70 

  0x0000026023d0ce6c: ;   {metadata(method data for {method} {0x000002603b03da68} 'defineClass' '(Ljava/lang/String;[BIILjava/security/CodeSource;)Ljava/lang/Class;' in 'java/security/SecureClassLoader')}
  0x0000026023d0ce6c: 48bb 8816 | 7f3b 6002 | 0000 8b83 | cc00 0000 | 83c0 0289 | 83cc 0000 | 0081 e0fe | 0700 0083 
  0x0000026023d0ce8c: f800 0f84 | 8b00 0000 | 8974 245c | 897c 2458 | 4c89 4c24 | 504c 8944 | 2448 488b 

  0x0000026023d0cea8: ;   {metadata(method data for {method} {0x000002603b03da68} 'defineClass' '(Ljava/lang/String;[BIILjava/security/CodeSource;)Ljava/lang/Class;' in 'java/security/SecureClassLoader')}
  0x0000026023d0cea8: da48 b888 | 167f 3b60 | 0200 0048 | 8380 1001 | 0000 014c | 8bc1 488b | c248 8bd0 | 4889 4424 
  0x0000026023d0cec8: 4066 0f1f 

  0x0000026023d0cecc: ;   {optimized virtual_call}
  0x0000026023d0cecc: 4400 00e8 

  0x0000026023d0ced0: ; ImmutableOopMap {[80]=Oop [64]=Oop [72]=Oop }
                      ;*invokevirtual getProtectionDomain {reexecute=0 rethrow=0 return_oop=0}
                      ; - java.security.SecureClassLoader::defineClass@9 (line 150)
  0x0000026023d0ced0: ccd9 0000 | 488b 5424 

  0x0000026023d0ced8: ;   {metadata(method data for {method} {0x000002603b03da68} 'defineClass' '(Ljava/lang/String;[BIILjava/security/CodeSource;)Ljava/lang/Class;' in 'java/security/SecureClassLoader')}
  0x0000026023d0ced8: 4049 b888 | 167f 3b60 | 0200 0049 | 8380 4801 | 0000 014c | 8b44 2448 | 4c8b 4c24 | 508b 7c24 
  0x0000026023d0cef8: 588b 7424 | 5c48 8bc8 | 488b 5424 

  0x0000026023d0cf04: ;   {optimized virtual_call}
  0x0000026023d0cf04: 4066 90e8 

  0x0000026023d0cf08: ; ImmutableOopMap {}
                      ;*invokevirtual defineClass {reexecute=0 rethrow=0 return_oop=0}
                      ; - java.security.SecureClassLoader::defineClass@12 (line 150)
  0x0000026023d0cf08: 94e3 0000 | 4883 c470 

  0x0000026023d0cf10: ;   {poll_return}
  0x0000026023d0cf10: 5d49 3ba7 | 5003 0000 | 0f87 2200 

  0x0000026023d0cf1c: ;   {metadata({method} {0x000002603b03da68} 'defineClass' '(Ljava/lang/String;[BIILjava/security/CodeSource;)Ljava/lang/Class;' in 'java/security/SecureClassLoader')}
  0x0000026023d0cf1c: 0000 c349 | ba60 da03 | 3b60 0200 | 004c 8954 | 2408 48c7 | 0424 ffff 

  0x0000026023d0cf34: ;   {runtime_call counter_overflow Runtime1 stub}
  0x0000026023d0cf34: ffff e845 

  0x0000026023d0cf38: ; ImmutableOopMap {rdx=Oop r8=Oop r9=Oop rcx=Oop }
                      ;*synchronization entry
                      ; - java.security.SecureClassLoader::defineClass@-1 (line 150)
  0x0000026023d0cf38: d754 07e9 | 54ff ffff 

  0x0000026023d0cf40: ;   {internal_word}
  0x0000026023d0cf40: 49ba 11cf | d023 6002 | 0000 4d89 | 9768 0300 

  0x0000026023d0cf50: ;   {runtime_call SafepointBlob}
  0x0000026023d0cf50: 00e9 aaaa | 4a07 9090 | 498b 87e0 | 0300 0049 | c787 e003 | 0000 0000 | 0000 49c7 | 87e8 0300 
  0x0000026023d0cf70: 0000 0000 | 0048 83c4 

  0x0000026023d0cf78: ;   {runtime_call unwind_exception Runtime1 stub}
  0x0000026023d0cf78: 705d e981 | 9a4b 07f4 
[Stub Code]
  0x0000026023d0cf80: ;   {no_reloc}
  0x0000026023d0cf80: 0f1f 4400 

  0x0000026023d0cf84: ;   {static_stub}
  0x0000026023d0cf84: 0048 bbf0 | dc03 3b60 

  0x0000026023d0cf8c: ;   {runtime_call I2C/C2I adapters}
  0x0000026023d0cf8c: 0200 00e9 | c096 4a07 

  0x0000026023d0cf94: ;   {static_stub}
  0x0000026023d0cf94: 9048 bb10 | 4d02 3b60 

  0x0000026023d0cf9c: ;   {runtime_call I2C/C2I adapters}
  0x0000026023d0cf9c: 0200 00e9 | 3ea4 4907 
[Exception Handler]
  0x0000026023d0cfa4: ;   {runtime_call handle_exception_from_callee Runtime1 stub}
  0x0000026023d0cfa4: e8d7 a354 

  0x0000026023d0cfa8: ;   {external_word}
  0x0000026023d0cfa8: 0748 b9a0 | 7d46 b9f8 | 7f00 0048 

  0x0000026023d0cfb4: ;   {runtime_call}
  0x0000026023d0cfb4: 83e4 f049 | bad0 e20e | b9f8 7f00 | 0041 ffd2 

  0x0000026023d0cfc4: ;   {section_word}
  0x0000026023d0cfc4: f449 bac5 | cfd0 2360 | 0200 0041 

  0x0000026023d0cfd0: ;   {runtime_call DeoptimizationBlob}
  0x0000026023d0cfd0: 52e9 ca9c | 4a07 f4f4 
[/MachCode]


---------------  P R O C E S S  ---------------

Threads class SMR info:
_java_thread_list=0x000002603a612320, length=13, elements={
0x000002602075c250, 0x000002603a313050, 0x000002603a315de0, 0x000002603a49ba30,
0x000002603a49c6b0, 0x000002603a49d070, 0x000002603a49da30, 0x000002603a49e7d0,
0x000002603a4a0290, 0x000002603a4a3630, 0x000002603a6132b0, 0x000002603a62ad60,
0x000002603a6960e0
}

Java Threads: ( => current thread )
=>0x000002602075c250 JavaThread "main" [_thread_in_vm, id=12676, stack(0x000000f867400000,0x000000f867500000)]
  0x000002603a313050 JavaThread "Reference Handler" daemon [_thread_blocked, id=13640, stack(0x000000f867b00000,0x000000f867c00000)]
  0x000002603a315de0 JavaThread "Finalizer" daemon [_thread_blocked, id=18428, stack(0x000000f867c00000,0x000000f867d00000)]
  0x000002603a49ba30 JavaThread "Signal Dispatcher" daemon [_thread_blocked, id=7044, stack(0x000000f867d00000,0x000000f867e00000)]
  0x000002603a49c6b0 JavaThread "Attach Listener" daemon [_thread_blocked, id=12140, stack(0x000000f867e00000,0x000000f867f00000)]
  0x000002603a49d070 JavaThread "Service Thread" daemon [_thread_blocked, id=15524, stack(0x000000f867f00000,0x000000f868000000)]
  0x000002603a49da30 JavaThread "Monitor Deflation Thread" daemon [_thread_blocked, id=3860, stack(0x000000f868000000,0x000000f868100000)]
  0x000002603a49e7d0 JavaThread "C2 CompilerThread0" daemon [_thread_blocked, id=18136, stack(0x000000f868100000,0x000000f868200000)]
  0x000002603a4a0290 JavaThread "C1 CompilerThread0" daemon [_thread_blocked, id=15548, stack(0x000000f868200000,0x000000f868300000)]
  0x000002603a4a3630 JavaThread "Sweeper thread" daemon [_thread_blocked, id=12792, stack(0x000000f868300000,0x000000f868400000)]
  0x000002603a6132b0 JavaThread "Notification Thread" daemon [_thread_blocked, id=9780, stack(0x000000f868400000,0x000000f868500000)]
  0x000002603a62ad60 JavaThread "Common-Cleaner" daemon [_thread_blocked, id=15612, stack(0x000000f868600000,0x000000f868700000)]
  0x000002603a6960e0 JavaThread "C2 CompilerThread1" daemon [_thread_blocked, id=13732, stack(0x000000f868700000,0x000000f868800000)]

Other Threads:
  0x000002603a30f320 VMThread "VM Thread" [stack: 0x000000f867a00000,0x000000f867b00000] [id=16932]
  0x000002603a613fa0 WatcherThread [stack: 0x000000f868500000,0x000000f868600000] [id=3952]
  0x00000260207b4d20 GCTaskThread "GC Thread#0" [stack: 0x000000f867500000,0x000000f867600000] [id=5332]
  0x00000260207c6240 ConcurrentGCThread "G1 Main Marker" [stack: 0x000000f867600000,0x000000f867700000] [id=2996]
  0x00000260207c7400 ConcurrentGCThread "G1 Conc#0" [stack: 0x000000f867700000,0x000000f867800000] [id=3512]
  0x000002603a1524c0 ConcurrentGCThread "G1 Refine#0" [stack: 0x000000f867800000,0x000000f867900000] [id=16192]
  0x000002603a153700 ConcurrentGCThread "G1 Service" [stack: 0x000000f867900000,0x000000f867a00000] [id=12324]

Threads with active compile tasks:

VM state: not at safepoint (normal execution)

VM Mutex/Monitor currently owned by a thread:  ([mutex/lock_event])
[0x0000026020756ee0] Metaspace_lock - owner thread: 0x000002602075c250

Heap address: 0x0000000085200000, size: 1966 MB, Compressed Oops mode: 32-bit

CDS archive(s) not mapped
Compressed class space mapped at: 0x0000000100000000-0x0000000140000000, reserved size: 1073741824
Narrow klass base: 0x0000000000000000, Narrow klass shift: 3, Narrow klass range: 0x140000000

GC Precious Log:
 CPUs: 8 total, 8 available
 Memory: 7861M
 Large Page Support: Disabled
 NUMA Support: Disabled
 Compressed Oops: Enabled (32-bit)
 Heap Region Size: 1M
 Heap Min Capacity: 8M
 Heap Initial Capacity: 124M
 Heap Max Capacity: 1966M
 Pre-touch: Disabled
 Parallel Workers: 8
 Concurrent Workers: 2
 Concurrent Refinement Workers: 8
 Periodic GC: Disabled

Heap:
 garbage-first heap   total 126976K, used 21504K [0x0000000085200000, 0x0000000100000000)
  region size 1024K, 18 young (18432K), 0 survivors (0K)
 Metaspace       used 11821K, committed 11904K, reserved 1114112K
  class space    used 1086K, committed 1152K, reserved 1048576K

Heap Regions: E=young(eden), S=young(survivor), O=old, HS=humongous(starts), HC=humongous(continues), CS=collection set, F=free, OA=open archive, CA=closed archive, TAMS=top-at-mark-start (previous, next)
|   0|0x0000000085200000, 0x0000000085300000, 0x0000000085300000|100%|HS|  |TAMS 0x0000000085200000, 0x0000000085200000| Complete 
|   1|0x0000000085300000, 0x0000000085400000, 0x0000000085400000|100%|HC|  |TAMS 0x0000000085300000, 0x0000000085300000| Complete 
|   2|0x0000000085400000, 0x0000000085500000, 0x0000000085500000|100%|HC|  |TAMS 0x0000000085400000, 0x0000000085400000| Complete 
|   3|0x0000000085500000, 0x0000000085600000, 0x0000000085600000|100%|HC|  |TAMS 0x0000000085500000, 0x0000000085500000| Complete 
|   4|0x0000000085600000, 0x0000000085700000, 0x0000000085700000|100%|HS|  |TAMS 0x0000000085600000, 0x0000000085600000| Complete 
|   5|0x0000000085700000, 0x0000000085700000, 0x0000000085800000|  0%| F|  |TAMS 0x0000000085700000, 0x0000000085700000| Untracked 
|   6|0x0000000085800000, 0x0000000085800000, 0x0000000085900000|  0%| F|  |TAMS 0x0000000085800000, 0x0000000085800000| Untracked 
|   7|0x0000000085900000, 0x0000000085900000, 0x0000000085a00000|  0%| F|  |TAMS 0x0000000085900000, 0x0000000085900000| Untracked 
|   8|0x0000000085a00000, 0x0000000085a00000, 0x0000000085b00000|  0%| F|  |TAMS 0x0000000085a00000, 0x0000000085a00000| Untracked 
|   9|0x0000000085b00000, 0x0000000085b00000, 0x0000000085c00000|  0%| F|  |TAMS 0x0000000085b00000, 0x0000000085b00000| Untracked 
|  10|0x0000000085c00000, 0x0000000085c00000, 0x0000000085d00000|  0%| F|  |TAMS 0x0000000085c00000, 0x0000000085c00000| Untracked 
|  11|0x0000000085d00000, 0x0000000085d00000, 0x0000000085e00000|  0%| F|  |TAMS 0x0000000085d00000, 0x0000000085d00000| Untracked 
|  12|0x0000000085e00000, 0x0000000085e00000, 0x0000000085f00000|  0%| F|  |TAMS 0x0000000085e00000, 0x0000000085e00000| Untracked 
|  13|0x0000000085f00000, 0x0000000085f00000, 0x0000000086000000|  0%| F|  |TAMS 0x0000000085f00000, 0x0000000085f00000| Untracked 
|  14|0x0000000086000000, 0x0000000086000000, 0x0000000086100000|  0%| F|  |TAMS 0x0000000086000000, 0x0000000086000000| Untracked 
|  15|0x0000000086100000, 0x0000000086100000, 0x0000000086200000|  0%| F|  |TAMS 0x0000000086100000, 0x0000000086100000| Untracked 
|  16|0x0000000086200000, 0x0000000086200000, 0x0000000086300000|  0%| F|  |TAMS 0x0000000086200000, 0x0000000086200000| Untracked 
|  17|0x0000000086300000, 0x0000000086300000, 0x0000000086400000|  0%| F|  |TAMS 0x0000000086300000, 0x0000000086300000| Untracked 
|  18|0x0000000086400000, 0x0000000086400000, 0x0000000086500000|  0%| F|  |TAMS 0x0000000086400000, 0x0000000086400000| Untracked 
|  19|0x0000000086500000, 0x0000000086500000, 0x0000000086600000|  0%| F|  |TAMS 0x0000000086500000, 0x0000000086500000| Untracked 
|  20|0x0000000086600000, 0x0000000086600000, 0x0000000086700000|  0%| F|  |TAMS 0x0000000086600000, 0x0000000086600000| Untracked 
|  21|0x0000000086700000, 0x0000000086700000, 0x0000000086800000|  0%| F|  |TAMS 0x0000000086700000, 0x0000000086700000| Untracked 
|  22|0x0000000086800000, 0x0000000086800000, 0x0000000086900000|  0%| F|  |TAMS 0x0000000086800000, 0x0000000086800000| Untracked 
|  23|0x0000000086900000, 0x0000000086900000, 0x0000000086a00000|  0%| F|  |TAMS 0x0000000086900000, 0x0000000086900000| Untracked 
|  24|0x0000000086a00000, 0x0000000086a00000, 0x0000000086b00000|  0%| F|  |TAMS 0x0000000086a00000, 0x0000000086a00000| Untracked 
|  25|0x0000000086b00000, 0x0000000086b00000, 0x0000000086c00000|  0%| F|  |TAMS 0x0000000086b00000, 0x0000000086b00000| Untracked 
|  26|0x0000000086c00000, 0x0000000086c00000, 0x0000000086d00000|  0%| F|  |TAMS 0x0000000086c00000, 0x0000000086c00000| Untracked 
|  27|0x0000000086d00000, 0x0000000086d00000, 0x0000000086e00000|  0%| F|  |TAMS 0x0000000086d00000, 0x0000000086d00000| Untracked 
|  28|0x0000000086e00000, 0x0000000086e00000, 0x0000000086f00000|  0%| F|  |TAMS 0x0000000086e00000, 0x0000000086e00000| Untracked 
|  29|0x0000000086f00000, 0x0000000086f00000, 0x0000000087000000|  0%| F|  |TAMS 0x0000000086f00000, 0x0000000086f00000| Untracked 
|  30|0x0000000087000000, 0x0000000087000000, 0x0000000087100000|  0%| F|  |TAMS 0x0000000087000000, 0x0000000087000000| Untracked 
|  31|0x0000000087100000, 0x0000000087100000, 0x0000000087200000|  0%| F|  |TAMS 0x0000000087100000, 0x0000000087100000| Untracked 
|  32|0x0000000087200000, 0x0000000087200000, 0x0000000087300000|  0%| F|  |TAMS 0x0000000087200000, 0x0000000087200000| Untracked 
|  33|0x0000000087300000, 0x0000000087300000, 0x0000000087400000|  0%| F|  |TAMS 0x0000000087300000, 0x0000000087300000| Untracked 
|  34|0x0000000087400000, 0x0000000087400000, 0x0000000087500000|  0%| F|  |TAMS 0x0000000087400000, 0x0000000087400000| Untracked 
|  35|0x0000000087500000, 0x0000000087500000, 0x0000000087600000|  0%| F|  |TAMS 0x0000000087500000, 0x0000000087500000| Untracked 
|  36|0x0000000087600000, 0x0000000087600000, 0x0000000087700000|  0%| F|  |TAMS 0x0000000087600000, 0x0000000087600000| Untracked 
|  37|0x0000000087700000, 0x0000000087700000, 0x0000000087800000|  0%| F|  |TAMS 0x0000000087700000, 0x0000000087700000| Untracked 
|  38|0x0000000087800000, 0x0000000087800000, 0x0000000087900000|  0%| F|  |TAMS 0x0000000087800000, 0x0000000087800000| Untracked 
|  39|0x0000000087900000, 0x0000000087900000, 0x0000000087a00000|  0%| F|  |TAMS 0x0000000087900000, 0x0000000087900000| Untracked 
|  40|0x0000000087a00000, 0x0000000087a00000, 0x0000000087b00000|  0%| F|  |TAMS 0x0000000087a00000, 0x0000000087a00000| Untracked 
|  41|0x0000000087b00000, 0x0000000087b00000, 0x0000000087c00000|  0%| F|  |TAMS 0x0000000087b00000, 0x0000000087b00000| Untracked 
|  42|0x0000000087c00000, 0x0000000087c00000, 0x0000000087d00000|  0%| F|  |TAMS 0x0000000087c00000, 0x0000000087c00000| Untracked 
|  43|0x0000000087d00000, 0x0000000087d00000, 0x0000000087e00000|  0%| F|  |TAMS 0x0000000087d00000, 0x0000000087d00000| Untracked 
|  44|0x0000000087e00000, 0x0000000087e00000, 0x0000000087f00000|  0%| F|  |TAMS 0x0000000087e00000, 0x0000000087e00000| Untracked 
|  45|0x0000000087f00000, 0x0000000087f00000, 0x0000000088000000|  0%| F|  |TAMS 0x0000000087f00000, 0x0000000087f00000| Untracked 
|  46|0x0000000088000000, 0x0000000088000000, 0x0000000088100000|  0%| F|  |TAMS 0x0000000088000000, 0x0000000088000000| Untracked 
|  47|0x0000000088100000, 0x0000000088100000, 0x0000000088200000|  0%| F|  |TAMS 0x0000000088100000, 0x0000000088100000| Untracked 
|  48|0x0000000088200000, 0x0000000088200000, 0x0000000088300000|  0%| F|  |TAMS 0x0000000088200000, 0x0000000088200000| Untracked 
|  49|0x0000000088300000, 0x0000000088300000, 0x0000000088400000|  0%| F|  |TAMS 0x0000000088300000, 0x0000000088300000| Untracked 
|  50|0x0000000088400000, 0x0000000088400000, 0x0000000088500000|  0%| F|  |TAMS 0x0000000088400000, 0x0000000088400000| Untracked 
|  51|0x0000000088500000, 0x0000000088500000, 0x0000000088600000|  0%| F|  |TAMS 0x0000000088500000, 0x0000000088500000| Untracked 
|  52|0x0000000088600000, 0x0000000088600000, 0x0000000088700000|  0%| F|  |TAMS 0x0000000088600000, 0x0000000088600000| Untracked 
|  53|0x0000000088700000, 0x0000000088700000, 0x0000000088800000|  0%| F|  |TAMS 0x0000000088700000, 0x0000000088700000| Untracked 
|  54|0x0000000088800000, 0x0000000088800000, 0x0000000088900000|  0%| F|  |TAMS 0x0000000088800000, 0x0000000088800000| Untracked 
|  55|0x0000000088900000, 0x0000000088900000, 0x0000000088a00000|  0%| F|  |TAMS 0x0000000088900000, 0x0000000088900000| Untracked 
|  56|0x0000000088a00000, 0x0000000088a00000, 0x0000000088b00000|  0%| F|  |TAMS 0x0000000088a00000, 0x0000000088a00000| Untracked 
|  57|0x0000000088b00000, 0x0000000088b00000, 0x0000000088c00000|  0%| F|  |TAMS 0x0000000088b00000, 0x0000000088b00000| Untracked 
|  58|0x0000000088c00000, 0x0000000088c00000, 0x0000000088d00000|  0%| F|  |TAMS 0x0000000088c00000, 0x0000000088c00000| Untracked 
|  59|0x0000000088d00000, 0x0000000088d00000, 0x0000000088e00000|  0%| F|  |TAMS 0x0000000088d00000, 0x0000000088d00000| Untracked 
|  60|0x0000000088e00000, 0x0000000088e00000, 0x0000000088f00000|  0%| F|  |TAMS 0x0000000088e00000, 0x0000000088e00000| Untracked 
|  61|0x0000000088f00000, 0x0000000088f00000, 0x0000000089000000|  0%| F|  |TAMS 0x0000000088f00000, 0x0000000088f00000| Untracked 
|  62|0x0000000089000000, 0x0000000089000000, 0x0000000089100000|  0%| F|  |TAMS 0x0000000089000000, 0x0000000089000000| Untracked 
|  63|0x0000000089100000, 0x0000000089100000, 0x0000000089200000|  0%| F|  |TAMS 0x0000000089100000, 0x0000000089100000| Untracked 
|  64|0x0000000089200000, 0x0000000089200000, 0x0000000089300000|  0%| F|  |TAMS 0x0000000089200000, 0x0000000089200000| Untracked 
|  65|0x0000000089300000, 0x0000000089300000, 0x0000000089400000|  0%| F|  |TAMS 0x0000000089300000, 0x0000000089300000| Untracked 
|  66|0x0000000089400000, 0x0000000089400000, 0x0000000089500000|  0%| F|  |TAMS 0x0000000089400000, 0x0000000089400000| Untracked 
|  67|0x0000000089500000, 0x0000000089500000, 0x0000000089600000|  0%| F|  |TAMS 0x0000000089500000, 0x0000000089500000| Untracked 
|  68|0x0000000089600000, 0x0000000089600000, 0x0000000089700000|  0%| F|  |TAMS 0x0000000089600000, 0x0000000089600000| Untracked 
|  69|0x0000000089700000, 0x0000000089700000, 0x0000000089800000|  0%| F|  |TAMS 0x0000000089700000, 0x0000000089700000| Untracked 
|  70|0x0000000089800000, 0x0000000089800000, 0x0000000089900000|  0%| F|  |TAMS 0x0000000089800000, 0x0000000089800000| Untracked 
|  71|0x0000000089900000, 0x0000000089900000, 0x0000000089a00000|  0%| F|  |TAMS 0x0000000089900000, 0x0000000089900000| Untracked 
|  72|0x0000000089a00000, 0x0000000089a00000, 0x0000000089b00000|  0%| F|  |TAMS 0x0000000089a00000, 0x0000000089a00000| Untracked 
|  73|0x0000000089b00000, 0x0000000089b00000, 0x0000000089c00000|  0%| F|  |TAMS 0x0000000089b00000, 0x0000000089b00000| Untracked 
|  74|0x0000000089c00000, 0x0000000089c00000, 0x0000000089d00000|  0%| F|  |TAMS 0x0000000089c00000, 0x0000000089c00000| Untracked 
|  75|0x0000000089d00000, 0x0000000089d00000, 0x0000000089e00000|  0%| F|  |TAMS 0x0000000089d00000, 0x0000000089d00000| Untracked 
|  76|0x0000000089e00000, 0x0000000089e00000, 0x0000000089f00000|  0%| F|  |TAMS 0x0000000089e00000, 0x0000000089e00000| Untracked 
|  77|0x0000000089f00000, 0x0000000089f00000, 0x000000008a000000|  0%| F|  |TAMS 0x0000000089f00000, 0x0000000089f00000| Untracked 
|  78|0x000000008a000000, 0x000000008a000000, 0x000000008a100000|  0%| F|  |TAMS 0x000000008a000000, 0x000000008a000000| Untracked 
|  79|0x000000008a100000, 0x000000008a100000, 0x000000008a200000|  0%| F|  |TAMS 0x000000008a100000, 0x000000008a100000| Untracked 
|  80|0x000000008a200000, 0x000000008a200000, 0x000000008a300000|  0%| F|  |TAMS 0x000000008a200000, 0x000000008a200000| Untracked 
|  81|0x000000008a300000, 0x000000008a300000, 0x000000008a400000|  0%| F|  |TAMS 0x000000008a300000, 0x000000008a300000| Untracked 
|  82|0x000000008a400000, 0x000000008a400000, 0x000000008a500000|  0%| F|  |TAMS 0x000000008a400000, 0x000000008a400000| Untracked 
|  83|0x000000008a500000, 0x000000008a500000, 0x000000008a600000|  0%| F|  |TAMS 0x000000008a500000, 0x000000008a500000| Untracked 
|  84|0x000000008a600000, 0x000000008a600000, 0x000000008a700000|  0%| F|  |TAMS 0x000000008a600000, 0x000000008a600000| Untracked 
|  85|0x000000008a700000, 0x000000008a700000, 0x000000008a800000|  0%| F|  |TAMS 0x000000008a700000, 0x000000008a700000| Untracked 
|  86|0x000000008a800000, 0x000000008a800000, 0x000000008a900000|  0%| F|  |TAMS 0x000000008a800000, 0x000000008a800000| Untracked 
|  87|0x000000008a900000, 0x000000008a900000, 0x000000008aa00000|  0%| F|  |TAMS 0x000000008a900000, 0x000000008a900000| Untracked 
|  88|0x000000008aa00000, 0x000000008aa00000, 0x000000008ab00000|  0%| F|  |TAMS 0x000000008aa00000, 0x000000008aa00000| Untracked 
|  89|0x000000008ab00000, 0x000000008ab00000, 0x000000008ac00000|  0%| F|  |TAMS 0x000000008ab00000, 0x000000008ab00000| Untracked 
|  90|0x000000008ac00000, 0x000000008ac00000, 0x000000008ad00000|  0%| F|  |TAMS 0x000000008ac00000, 0x000000008ac00000| Untracked 
|  91|0x000000008ad00000, 0x000000008ad00000, 0x000000008ae00000|  0%| F|  |TAMS 0x000000008ad00000, 0x000000008ad00000| Untracked 
|  92|0x000000008ae00000, 0x000000008ae00000, 0x000000008af00000|  0%| F|  |TAMS 0x000000008ae00000, 0x000000008ae00000| Untracked 
|  93|0x000000008af00000, 0x000000008af00000, 0x000000008b000000|  0%| F|  |TAMS 0x000000008af00000, 0x000000008af00000| Untracked 
|  94|0x000000008b000000, 0x000000008b000000, 0x000000008b100000|  0%| F|  |TAMS 0x000000008b000000, 0x000000008b000000| Untracked 
|  95|0x000000008b100000, 0x000000008b100000, 0x000000008b200000|  0%| F|  |TAMS 0x000000008b100000, 0x000000008b100000| Untracked 
|  96|0x000000008b200000, 0x000000008b200000, 0x000000008b300000|  0%| F|  |TAMS 0x000000008b200000, 0x000000008b200000| Untracked 
|  97|0x000000008b300000, 0x000000008b300000, 0x000000008b400000|  0%| F|  |TAMS 0x000000008b300000, 0x000000008b300000| Untracked 
|  98|0x000000008b400000, 0x000000008b400000, 0x000000008b500000|  0%| F|  |TAMS 0x000000008b400000, 0x000000008b400000| Untracked 
|  99|0x000000008b500000, 0x000000008b500000, 0x000000008b600000|  0%| F|  |TAMS 0x000000008b500000, 0x000000008b500000| Untracked 
| 100|0x000000008b600000, 0x000000008b600000, 0x000000008b700000|  0%| F|  |TAMS 0x000000008b600000, 0x000000008b600000| Untracked 
| 101|0x000000008b700000, 0x000000008b700000, 0x000000008b800000|  0%| F|  |TAMS 0x000000008b700000, 0x000000008b700000| Untracked 
| 102|0x000000008b800000, 0x000000008b800000, 0x000000008b900000|  0%| F|  |TAMS 0x000000008b800000, 0x000000008b800000| Untracked 
| 103|0x000000008b900000, 0x000000008b900000, 0x000000008ba00000|  0%| F|  |TAMS 0x000000008b900000, 0x000000008b900000| Untracked 
| 104|0x000000008ba00000, 0x000000008ba00000, 0x000000008bb00000|  0%| F|  |TAMS 0x000000008ba00000, 0x000000008ba00000| Untracked 
| 105|0x000000008bb00000, 0x000000008bb00000, 0x000000008bc00000|  0%| F|  |TAMS 0x000000008bb00000, 0x000000008bb00000| Untracked 
| 106|0x000000008bc00000, 0x000000008bcef608, 0x000000008bd00000| 93%| E|  |TAMS 0x000000008bc00000, 0x000000008bc00000| Complete 
| 107|0x000000008bd00000, 0x000000008be00000, 0x000000008be00000|100%| E|CS|TAMS 0x000000008bd00000, 0x000000008bd00000| Complete 
| 108|0x000000008be00000, 0x000000008bf00000, 0x000000008bf00000|100%| E|CS|TAMS 0x000000008be00000, 0x000000008be00000| Complete 
| 109|0x000000008bf00000, 0x000000008c000000, 0x000000008c000000|100%| E|CS|TAMS 0x000000008bf00000, 0x000000008bf00000| Complete 
| 110|0x000000008c000000, 0x000000008c100000, 0x000000008c100000|100%| E|CS|TAMS 0x000000008c000000, 0x000000008c000000| Complete 
| 111|0x000000008c100000, 0x000000008c200000, 0x000000008c200000|100%| E|CS|TAMS 0x000000008c100000, 0x000000008c100000| Complete 
| 112|0x000000008c200000, 0x000000008c300000, 0x000000008c300000|100%| E|CS|TAMS 0x000000008c200000, 0x000000008c200000| Complete 
| 113|0x000000008c300000, 0x000000008c400000, 0x000000008c400000|100%| E|CS|TAMS 0x000000008c300000, 0x000000008c300000| Complete 
| 114|0x000000008c400000, 0x000000008c500000, 0x000000008c500000|100%| E|CS|TAMS 0x000000008c400000, 0x000000008c400000| Complete 
| 115|0x000000008c500000, 0x000000008c600000, 0x000000008c600000|100%| E|CS|TAMS 0x000000008c500000, 0x000000008c500000| Complete 
| 116|0x000000008c600000, 0x000000008c700000, 0x000000008c700000|100%| E|CS|TAMS 0x000000008c600000, 0x000000008c600000| Complete 
| 117|0x000000008c700000, 0x000000008c800000, 0x000000008c800000|100%| E|CS|TAMS 0x000000008c700000, 0x000000008c700000| Complete 
| 118|0x000000008c800000, 0x000000008c900000, 0x000000008c900000|100%| E|  |TAMS 0x000000008c800000, 0x000000008c800000| Complete 
| 119|0x000000008c900000, 0x000000008ca00000, 0x000000008ca00000|100%| E|CS|TAMS 0x000000008c900000, 0x000000008c900000| Complete 
| 120|0x000000008ca00000, 0x000000008cb00000, 0x000000008cb00000|100%| E|CS|TAMS 0x000000008ca00000, 0x000000008ca00000| Complete 
| 121|0x000000008cb00000, 0x000000008cc00000, 0x000000008cc00000|100%| E|CS|TAMS 0x000000008cb00000, 0x000000008cb00000| Complete 
| 122|0x000000008cc00000, 0x000000008cd00000, 0x000000008cd00000|100%| E|CS|TAMS 0x000000008cc00000, 0x000000008cc00000| Complete 
| 123|0x000000008cd00000, 0x000000008ce00000, 0x000000008ce00000|100%| E|CS|TAMS 0x000000008cd00000, 0x000000008cd00000| Complete 

Card table byte_map: [0x0000026033350000,0x0000026033730000] _byte_map_base: 0x0000026032f27000

Marking Bits (Prev, Next): (CMBitMap*) 0x00000260207b6350, (CMBitMap*) 0x00000260207b6390
 Prev Bits: [0x0000026033b10000, 0x00000260359c8000)
 Next Bits: [0x00000260359d0000, 0x0000026037888000)

Polling page: 0x000002601ff10000

Metaspace:

Usage:
  Non-class:     10.48 MB used.
      Class:      1.06 MB used.
       Both:     11.54 MB used.

Virtual space:
  Non-class space:       64.00 MB reserved,      10.50 MB ( 16%) committed,  1 nodes.
      Class space:        1.00 GB reserved,       1.12 MB ( <1%) committed,  1 nodes.
             Both:        1.06 GB reserved,      11.62 MB (  1%) committed. 

Chunk freelists:
   Non-Class:  5.48 MB
       Class:  14.81 MB
        Both:  20.30 MB

MaxMetaspaceSize: unlimited
CompressedClassSpaceSize: 1.00 GB
Initial GC threshold: 21.00 MB
Current GC threshold: 21.00 MB
CDS: off
MetaspaceReclaimPolicy: balanced
 - commit_granule_bytes: 65536.
 - commit_granule_words: 8192.
 - virtual_space_node_default_size: 8388608.
 - enlarge_chunks_in_place: 1.
 - new_chunks_are_fully_committed: 0.
 - uncommit_free_chunks: 1.
 - use_allocation_guard: 0.
 - handle_deallocations: 1.


Internal statistics:

num_allocs_failed_limit: 0.
num_arena_births: 6.
num_arena_deaths: 0.
num_vsnodes_births: 2.
num_vsnodes_deaths: 0.
num_space_committed: 186.
num_space_uncommitted: 0.
num_chunks_returned_to_freelist: 0.
num_chunks_taken_from_freelist: 169.
num_chunk_merges: 0.
num_chunk_splits: 149.
num_chunks_enlarged: 143.
num_inconsistent_stats: 0.

CodeHeap 'non-profiled nmethods': size=120000Kb used=132Kb max_used=132Kb free=119867Kb
 bounds [0x000002602b700000, 0x000002602b970000, 0x0000026032c30000]
CodeHeap 'profiled nmethods': size=120000Kb used=942Kb max_used=942Kb free=119057Kb
 bounds [0x0000026023c30000, 0x0000026023ea0000, 0x000002602b160000]
CodeHeap 'non-nmethods': size=5760Kb used=1139Kb max_used=1154Kb free=4620Kb
 bounds [0x000002602b160000, 0x000002602b3d0000, 0x000002602b700000]
 total_blobs=938 nmethods=513 adapters=338
 compilation: enabled
              stopped_count=0, restarted_count=0
 full_count=0

Compilation events (20 events):
Event: 0.458 Thread 0x000002603a49e7d0  504       4       java.lang.String::equals (56 bytes)
Event: 0.459 Thread 0x000002603a4a0290  507       3       java.lang.Number::<init> (5 bytes)
Event: 0.459 Thread 0x000002603a49e7d0 nmethod 504 0x000002602b71f610 code [0x000002602b71f780, 0x000002602b71f958]
Event: 0.459 Thread 0x000002603a49e7d0  506       4       java.lang.StringCoding::hasNegatives (25 bytes)
Event: 0.459 Thread 0x000002603a4a0290 nmethod 507 0x0000026023d19690 code [0x0000026023d19820, 0x0000026023d19978]
Event: 0.459 Thread 0x000002603a4a0290  508       3       java.lang.Long::<init> (10 bytes)
Event: 0.459 Thread 0x000002603a4a0290 nmethod 508 0x0000026023d19a10 code [0x0000026023d19bc0, 0x0000026023d19d98]
Event: 0.460 Thread 0x000002603a6960e0 nmethod 503% 0x000002602b71fa10 code [0x000002602b71fba0, 0x000002602b71fdc8]
Event: 0.460 Thread 0x000002603a6960e0  505       4       java.util.zip.ZipFile::ensureOpen (40 bytes)
Event: 0.460 Thread 0x000002603a6960e0 nmethod 505 0x000002602b71ff90 code [0x000002602b720100, 0x000002602b7201b8]
Event: 0.461 Thread 0x000002603a49e7d0 nmethod 506 0x000002602b720290 code [0x000002602b720400, 0x000002602b7205f8]
Event: 0.463 Thread 0x000002603a49e7d0  509       4       java.lang.CharacterData::of (136 bytes)
Event: 0.463 Thread 0x000002603a49e7d0 nmethod 509 0x000002602b720710 code [0x000002602b720880, 0x000002602b7208f8]
Event: 0.466 Thread 0x000002603a49e7d0  510       4       java.lang.String::startsWith (138 bytes)
Event: 0.467 Thread 0x000002603a4a0290  511       3       java.util.zip.CRC32::update (51 bytes)
Event: 0.467 Thread 0x000002603a4a0290 nmethod 511 0x0000026023d19e90 code [0x0000026023d1a080, 0x0000026023d1a4a8]
Event: 0.467 Thread 0x000002603a4a0290  512       3       java.security.SecureClassLoader::getProtectionDomain (38 bytes)
Event: 0.468 Thread 0x000002603a4a0290 nmethod 512 0x0000026023d1a690 code [0x0000026023d1a880, 0x0000026023d1aee8]
Event: 0.468 Thread 0x000002603a4a0290  513       3       java.lang.ClassLoader::defineClass (43 bytes)
Event: 0.468 Thread 0x000002603a4a0290 nmethod 513 0x0000026023d1b090 code [0x0000026023d1b280, 0x0000026023d1b778]

GC Heap History (0 events):
No events

Dll operation events (1 events):
Event: 0.009 Loaded shared library C:\Program Files\Android\Android Studio\jbr\bin\java.dll

Deoptimization events (20 events):
Event: 0.139 Thread 0x000002602075c250 DEOPT PACKING pc=0x0000026023c4700c sp=0x000000f8674fd950
Event: 0.139 Thread 0x000002602075c250 DEOPT UNPACKING pc=0x000002602b1b7143 sp=0x000000f8674fcde0 mode 0
Event: 0.139 Thread 0x000002602075c250 DEOPT PACKING pc=0x0000026023c4700c sp=0x000000f8674fd950
Event: 0.139 Thread 0x000002602075c250 DEOPT UNPACKING pc=0x000002602b1b7143 sp=0x000000f8674fcde0 mode 0
Event: 0.139 Thread 0x000002602075c250 DEOPT PACKING pc=0x0000026023c4700c sp=0x000000f8674fd950
Event: 0.139 Thread 0x000002602075c250 DEOPT UNPACKING pc=0x000002602b1b7143 sp=0x000000f8674fcde0 mode 0
Event: 0.139 Thread 0x000002602075c250 DEOPT PACKING pc=0x0000026023c4700c sp=0x000000f8674fd950
Event: 0.139 Thread 0x000002602075c250 DEOPT UNPACKING pc=0x000002602b1b7143 sp=0x000000f8674fcde0 mode 0
Event: 0.139 Thread 0x000002602075c250 DEOPT PACKING pc=0x0000026023c4700c sp=0x000000f8674fd950
Event: 0.139 Thread 0x000002602075c250 DEOPT UNPACKING pc=0x000002602b1b7143 sp=0x000000f8674fcde0 mode 0
Event: 0.199 Thread 0x000002602075c250 Uncommon trap: trap_request=0xffffff45 fr.pc=0x000002602b70447c relative=0x000000000000069c
Event: 0.199 Thread 0x000002602075c250 Uncommon trap: reason=unstable_if action=reinterpret pc=0x000002602b70447c method=java.util.zip.ZipFile$Source.checkAndAddEntry(II)I @ 50 c2
Event: 0.199 Thread 0x000002602075c250 DEOPT PACKING pc=0x000002602b70447c sp=0x000000f8674fe540
Event: 0.199 Thread 0x000002602075c250 DEOPT UNPACKING pc=0x000002602b1b69a3 sp=0x000000f8674fe4b0 mode 2
Event: 0.257 Thread 0x000002602075c250 DEOPT PACKING pc=0x0000026023c456e7 sp=0x000000f8674fe310
Event: 0.257 Thread 0x000002602075c250 DEOPT UNPACKING pc=0x000002602b1b7143 sp=0x000000f8674fd730 mode 0
Event: 0.436 Thread 0x000002602075c250 DEOPT PACKING pc=0x0000026023ca6fc7 sp=0x000000f8674f98c0
Event: 0.436 Thread 0x000002602075c250 DEOPT UNPACKING pc=0x000002602b1b7143 sp=0x000000f8674f8d20 mode 0
Event: 0.458 Thread 0x000002602075c250 DEOPT PACKING pc=0x0000026023c5ca56 sp=0x000000f8674fa990
Event: 0.458 Thread 0x000002602075c250 DEOPT UNPACKING pc=0x000002602b1b7143 sp=0x000000f8674f9e18 mode 0

Classes unloaded (0 events):
No events

Classes redefined (0 events):
No events

Internal exceptions (0 events):
No events

VM Operations (4 events):
Event: 0.151 Executing VM operation: HandshakeAllThreads
Event: 0.151 Executing VM operation: HandshakeAllThreads done
Event: 0.409 Executing VM operation: HandshakeAllThreads
Event: 0.409 Executing VM operation: HandshakeAllThreads done

Events (20 events):
Event: 0.410 loading class java/util/ServiceLoader$1
Event: 0.410 loading class java/util/ServiceLoader$1 done
Event: 0.410 loading class java/util/ServiceLoader$ProviderImpl
Event: 0.410 loading class java/util/ServiceLoader$Provider
Event: 0.410 loading class java/util/ServiceLoader$Provider done
Event: 0.410 loading class java/util/ServiceLoader$ProviderImpl done
Event: 0.433 loading class java/util/Collections$SingletonList
Event: 0.433 loading class java/util/Collections$SingletonList done
Event: 0.437 loading class java/util/Collections$UnmodifiableList
Event: 0.437 loading class java/util/Collections$UnmodifiableList done
Event: 0.437 loading class java/util/Collections$UnmodifiableRandomAccessList
Event: 0.437 loading class java/util/Collections$UnmodifiableRandomAccessList done
Event: 0.448 loading class java/util/Collections$UnmodifiableCollection$1
Event: 0.448 loading class java/util/Collections$UnmodifiableCollection$1 done
Event: 0.453 loading class java/lang/reflect/InvocationTargetException
Event: 0.453 loading class java/lang/reflect/InvocationTargetException done
Event: 0.457 loading class java/io/UnsupportedEncodingException
Event: 0.457 loading class java/io/UnsupportedEncodingException done
Event: 0.459 loading class java/lang/Long$LongCache
Event: 0.459 loading class java/lang/Long$LongCache done


Dynamic libraries:
0x00007ff7c8240000 - 0x00007ff7c824a000 	C:\Program Files\Android\Android Studio\jbr\bin\java.exe
0x00007ff90bfd0000 - 0x00007ff90c1e6000 	C:\WINDOWS\SYSTEM32\ntdll.dll
0x00007ff90a500000 - 0x00007ff90a5c4000 	C:\WINDOWS\System32\KERNEL32.DLL
0x00007ff9095f0000 - 0x00007ff909997000 	C:\WINDOWS\System32\KERNELBASE.dll
0x00007ff909be0000 - 0x00007ff909cf1000 	C:\WINDOWS\System32\ucrtbase.dll
0x00007ff8f1860000 - 0x00007ff8f1877000 	C:\Program Files\Android\Android Studio\jbr\bin\jli.dll
0x00007ff8efb70000 - 0x00007ff8efb8b000 	C:\Program Files\Android\Android Studio\jbr\bin\VCRUNTIME140.dll
0x00007ff909d00000 - 0x00007ff909eae000 	C:\WINDOWS\System32\USER32.dll
0x00007ff9092f0000 - 0x00007ff909316000 	C:\WINDOWS\System32\win32u.dll
0x00007ff8d0f10000 - 0x00007ff8d11a3000 	C:\WINDOWS\WinSxS\amd64_microsoft.windows.common-controls_6595b64144ccf1df_6.0.22621.3235_none_270f74e173860f98\COMCTL32.dll
0x00007ff90ab50000 - 0x00007ff90ab79000 	C:\WINDOWS\System32\GDI32.dll
0x00007ff90bc90000 - 0x00007ff90bd37000 	C:\WINDOWS\System32\msvcrt.dll
0x00007ff909320000 - 0x00007ff909439000 	C:\WINDOWS\System32\gdi32full.dll
0x00007ff909b10000 - 0x00007ff909baa000 	C:\WINDOWS\System32\msvcp_win.dll
0x00007ff90a9b0000 - 0x00007ff90a9e1000 	C:\WINDOWS\System32\IMM32.DLL
0x00007ff9049b0000 - 0x00007ff9049bc000 	C:\Program Files\Android\Android Studio\jbr\bin\vcruntime140_1.dll
0x00007ff8e91f0000 - 0x00007ff8e927d000 	C:\Program Files\Android\Android Studio\jbr\bin\msvcp140.dll
0x00007ff8b8b30000 - 0x00007ff8b97b3000 	C:\Program Files\Android\Android Studio\jbr\bin\server\jvm.dll
0x00007ff90bbd0000 - 0x00007ff90bc82000 	C:\WINDOWS\System32\ADVAPI32.dll
0x00007ff90be10000 - 0x00007ff90beb8000 	C:\WINDOWS\System32\sechost.dll
0x00007ff909bb0000 - 0x00007ff909bd8000 	C:\WINDOWS\System32\bcrypt.dll
0x00007ff90b400000 - 0x00007ff90b515000 	C:\WINDOWS\System32\RPCRT4.dll
0x00007ff901160000 - 0x00007ff901194000 	C:\WINDOWS\SYSTEM32\WINMM.dll
0x00007ff9091c0000 - 0x00007ff90920d000 	C:\WINDOWS\SYSTEM32\POWRPROF.dll
0x00007ff900630000 - 0x00007ff90063a000 	C:\WINDOWS\SYSTEM32\VERSION.dll
0x00007ff8f0110000 - 0x00007ff8f0119000 	C:\WINDOWS\SYSTEM32\WSOCK32.dll
0x00007ff90a930000 - 0x00007ff90a9a1000 	C:\WINDOWS\System32\WS2_32.dll
0x00007ff9091a0000 - 0x00007ff9091b3000 	C:\WINDOWS\SYSTEM32\UMPDC.dll
0x00007ff908330000 - 0x00007ff908348000 	C:\WINDOWS\SYSTEM32\kernel.appcore.dll
0x00007ff903f40000 - 0x00007ff903f4a000 	C:\Program Files\Android\Android Studio\jbr\bin\jimage.dll
0x00007ff906080000 - 0x00007ff9062b3000 	C:\WINDOWS\SYSTEM32\DBGHELP.DLL
0x00007ff90b840000 - 0x00007ff90bbc8000 	C:\WINDOWS\System32\combase.dll
0x00007ff90b750000 - 0x00007ff90b827000 	C:\WINDOWS\System32\OLEAUT32.dll
0x00007ff8ce670000 - 0x00007ff8ce6a2000 	C:\WINDOWS\SYSTEM32\dbgcore.DLL
0x00007ff909500000 - 0x00007ff909579000 	C:\WINDOWS\System32\bcryptPrimitives.dll
0x00007ff903d80000 - 0x00007ff903da5000 	C:\Program Files\Android\Android Studio\jbr\bin\java.dll
0x00007ff9013c0000 - 0x00007ff9013d8000 	C:\Program Files\Android\Android Studio\jbr\bin\zip.dll
0x00007ff90aba0000 - 0x00007ff90b3fc000 	C:\WINDOWS\System32\SHELL32.dll
0x00007ff907250000 - 0x00007ff907b49000 	C:\WINDOWS\SYSTEM32\windows.storage.dll
0x00007ff907110000 - 0x00007ff90724e000 	C:\WINDOWS\SYSTEM32\wintypes.dll
0x00007ff90aa50000 - 0x00007ff90ab43000 	C:\WINDOWS\System32\SHCORE.dll
0x00007ff90bf30000 - 0x00007ff90bf8e000 	C:\WINDOWS\System32\shlwapi.dll
0x00007ff909220000 - 0x00007ff909241000 	C:\WINDOWS\SYSTEM32\profapi.dll
0x00007ff8ffdf0000 - 0x00007ff8ffe09000 	C:\Program Files\Android\Android Studio\jbr\bin\net.dll
0x00007ff9032a0000 - 0x00007ff9033d6000 	C:\WINDOWS\SYSTEM32\WINHTTP.dll
0x00007ff9087a0000 - 0x00007ff908809000 	C:\WINDOWS\system32\mswsock.dll
0x00007ff8f23c0000 - 0x00007ff8f23d6000 	C:\Program Files\Android\Android Studio\jbr\bin\nio.dll

dbghelp: loaded successfully - version: 4.0.5 - missing functions: none
symbol engine: initialized successfully - sym options: 0x614 - pdb path: .;C:\Program Files\Android\Android Studio\jbr\bin;C:\WINDOWS\SYSTEM32;C:\WINDOWS\WinSxS\amd64_microsoft.windows.common-controls_6595b64144ccf1df_6.0.22621.3235_none_270f74e173860f98;C:\Program Files\Android\Android Studio\jbr\bin\server

VM Arguments:
java_command: org.jetbrains.kotlin.cli.jvm.K2JVMCompiler @C:\Users\sv\MyApplication\app\build\20240515_1863770194629745212.compiler.options
java_class_path (initial): C:\Users\sv\.gradle\caches\modules-2\files-2.1\org.jetbrains.kotlin\kotlin-compiler-embeddable\1.9.0\2c8c3a7402becca891f12739b3e9fd2dc2adbd7a\kotlin-compiler-embeddable-1.9.0.jar;C:\Users\sv\.gradle\caches\modules-2\files-2.1\org.jetbrains.kotlin\kotlin-stdlib\1.9.0\8ee15ef0c67dc83d874f412d84378d7f0eb50b63\kotlin-stdlib-1.9.0.jar;C:\Users\sv\.gradle\caches\modules-2\files-2.1\org.jetbrains.kotlin\kotlin-script-runtime\1.9.0\4b3102cbbb7e1b58d9d1adf89563f00069ffa7d1\kotlin-script-runtime-1.9.0.jar;C:\Users\sv\.gradle\caches\modules-2\files-2.1\org.jetbrains.kotlin\kotlin-reflect\1.6.10\1cbe9c92c12a94eea200d23c2bbaedaf3daf5132\kotlin-reflect-1.6.10.jar;C:\Users\sv\.gradle\caches\modules-2\files-2.1\org.jetbrains.kotlin\kotlin-daemon-embeddable\1.9.0\186543f5e28cf8d9a0290fecc2cf34301c40a65c\kotlin-daemon-embeddable-1.9.0.jar;C:\Users\sv\.gradle\caches\modules-2\files-2.1\org.jetbrains.intellij.deps\trove4j\1.0.20200330\3afb14d5f9ceb459d724e907a21145e8ff394f02\trove4j-1.0.20200330.jar;C:\Users\sv\.gradle\caches\modules-2\files-2.1\org.jetbrains.kotlin\kotlin-stdlib-common\1.9.0\cd65c21cfd1eec4d44ef09f9f52b6d9f8a720636\kotlin-stdlib-common-1.9.0.jar;C:\Users\sv\.gradle\caches\modules-2\files-2.1\org.jetbrains\annotations\13.0\919f0dfe192fb4e063e7dacadee7f8bb9a2672a9\annotations-13.0.jar
Launcher Type: SUN_STANDARD

[Global flags]
     intx CICompilerCount                          = 4                                         {product} {ergonomic}
     uint ConcGCThreads                            = 2                                         {product} {ergonomic}
     uint G1ConcRefinementThreads                  = 8                                         {product} {ergonomic}
   size_t G1HeapRegionSize                         = 1048576                                   {product} {ergonomic}
    uintx GCDrainStackTargetSize                   = 64                                        {product} {ergonomic}
   size_t InitialHeapSize                          = 130023424                                 {product} {ergonomic}
   size_t MarkStackSize                            = 4194304                                   {product} {ergonomic}
   size_t MaxHeapSize                              = 2061500416                                {product} {ergonomic}
   size_t MaxNewSize                               = 1236271104                                {product} {ergonomic}
   size_t MinHeapDeltaBytes                        = 1048576                                   {product} {ergonomic}
   size_t MinHeapSize                              = 8388608                                   {product} {ergonomic}
    uintx NonNMethodCodeHeapSize                   = 5839372                                {pd product} {ergonomic}
    uintx NonProfiledCodeHeapSize                  = 122909434                              {pd product} {ergonomic}
    uintx ProfiledCodeHeapSize                     = 122909434                              {pd product} {ergonomic}
    uintx ReservedCodeCacheSize                    = 251658240                              {pd product} {ergonomic}
     bool SegmentedCodeCache                       = true                                      {product} {ergonomic}
   size_t SoftMaxHeapSize                          = 2061500416                             {manageable} {ergonomic}
     bool UseCompressedClassPointers               = true                           {product lp64_product} {ergonomic}
     bool UseCompressedOops                        = true                           {product lp64_product} {ergonomic}
     bool UseG1GC                                  = true                                      {product} {ergonomic}
     bool UseLargePagesIndividualAllocation        = false                                  {pd product} {ergonomic}

Logging:
Log output configuration:
 #0: stdout all=warning uptime,level,tags
 #1: stderr all=off uptime,level,tags

Environment Variables:
CLASSPATH=.;C:\Program Files (x86)\QuickTime\QTSystem\QTJava.zip
PATH=C:\gurobi1001\win64\bin;C:\Program Files (x86)\Common Files\Oracle\Java\javapath;C:\WINDOWS\system32;C:\WINDOWS;C:\WINDOWS\System32\Wbem;C:\WINDOWS\System32\WindowsPowerShell\v1.0\;C:\WINDOWS\System32\OpenSSH\;C:\Program Files (x86)\QuickTime\QTSystem\;C:\Program Files (x86)\Windows Kits\8.1\Windows Performance Toolkit\;C:\Program Files (x86)\Microsoft SQL Server\120\DTS\Binn\;C:\Program Files (x86)\Microsoft SQL Server\Client SDK\ODBC\110\Tools\Binn\;C:\Program Files (x86)\Microsoft SQL Server\120\Tools\Binn\;C:\Program Files (x86)\Microsoft SQL Server\120\Tools\Binn\ManagementStudio\;C:\Program Files (x86)\Common Files\Propellerhead Software\ReWire\;C:\Program Files\Common Files\Propellerhead Software\ReWire\;C:\Program Files\PuTTY\;C:\Program Files (x86)\mingw-w64\i686-8.1.0-posix-dwarf-rt_v6-rev0\mingw32\bin;C:\Program Files (x86)\mingw-w64\i686-8.1.0-posix-dwarf-rt_v6-rev0\mingw32\i686-w64-mingw32\bin;C:\Program Files\SCIPOptSuite 8.0.2\bin;C:\Program Files\dotnet\;C:\Program Files\Git\cmd;C:\Users\sv\AppData\Local\Microsoft\WindowsApps;;C:\Users\sv\AppData\Local\Programs\Microsoft VS Code\bin
USERNAME=sv
OS=Windows_NT
PROCESSOR_IDENTIFIER=Intel64 Family 6 Model 151 Stepping 5, GenuineIntel
TMP=C:\Users\sv\AppData\Local\Temp
TEMP=C:\Users\sv\AppData\Local\Temp



Periodic native trim disabled

JNI global refs:
JNI global refs: 8, weak refs: 0

JNI global refs memory usage: 843, weak refs: 841

OOME stack traces (most recent first):
Classloader memory used:
Loader bootstrap                                                                       : 905K
Loader jdk.internal.loader.ClassLoaders$AppClassLoader                                 : 571K


---------------  S Y S T E M  ---------------

OS:
 Windows 11 , 64 bit Build 22621 (10.0.22621.3374)
OS uptime: 0 days 0:57 hours

CPU: total 8 (initial active 8) (4 cores per cpu, 2 threads per core) family 6 model 151 stepping 5 microcode 0x34, cx8, cmov, fxsr, ht, mmx, 3dnowpref, sse, sse2, sse3, ssse3, sse4.1, sse4.2, popcnt, lzcnt, tsc, tscinvbit, avx, avx2, aes, erms, clmul, bmi1, bmi2, adx, sha, fma, vzeroupper, clflush, clflushopt, clwb
Processor Information for all 8 processors :
  Max Mhz: 2200, Current Mhz: 2200, Mhz Limit: 2200

Memory: 4k page, system-wide physical 7861M (454M free)
TotalPageFile size 15357M (AvailPageFile size 3M)
current process WorkingSet (physical memory assigned to process): 65M, peak: 65M
current process commit charge ("private bytes"): 211M, peak: 212M

vm_info: OpenJDK 64-Bit Server VM (17.0.9+0--11185874) for windows-amd64 JRE (17.0.9+0--11185874), built on Dec  6 2023 18:57:44 by "androidbuild" with MS VC++ 16.10 / 16.11 (VS2019)

END.
